<?xml version="1.0" encoding="UTF-8"?>
<!-- Generated by org.testng.reporters.JUnitXMLReporter -->
<testsuite ignored="0" hostname="ASHWIN_RAMTEKE" failures="0" tests="6" name="Test_NG" time="70.351" errors="0" timestamp="2024-03-08T15:43:08 IST">
  <testcase classname="com.crm.qa.testcases.Customer_Transaction_test" name="DepositCustomerTest" time="9.684"/>
  <testcase classname="com.crm.qa.testcases.Customer_Withdarw_test" name="DepositCustomerTest" time="9.281"/>
  <testcase classname="com.crm.qa.testcases.Customer_Deposit_test" name="DepositCustomerTest" time="8.043"/>
  <testcase classname="com.crm.qa.testcases.Manager_Customers_test" name="OpenAccountCustomerTest" time="13.328"/>
  <testcase classname="com.crm.qa.testcases.Manager_AddCustomer_test" name="verifyAddCustomerFunctionality" time="2.164"/>
  <testcase classname="com.crm.qa.testcases.Manager_OpenAccount_test" name="OpenAccountCustomerTest" time="4.882"/>
</testsuite> <!-- Test_NG -->
