<?xml version="1.0" encoding="UTF-8"?>
<!-- Generated by org.testng.reporters.JUnitXMLReporter -->
<testsuite ignored="0" hostname="ASHWIN_RAMTEKE" failures="0" tests="6" name="Test_NG" time="49.364" errors="0" timestamp="2024-03-08T10:45:46 IST">
  <testcase classname="com.crm.qa.testcases.Customer_Transaction_test" name="DepositCustomerTest" time="8.555"/>
  <testcase classname="com.crm.qa.testcases.Customer_Withdarw_test" name="DepositCustomerTest" time="8.217"/>
  <testcase classname="com.crm.qa.testcases.Customer_Deposit_test" name="DepositCustomerTest" time="6.21"/>
  <testcase classname="com.crm.qa.testcases.Manager_Customers_test" name="OpenAccountCustomerTest" time="4.783"/>
  <testcase classname="com.crm.qa.testcases.Manager_AddCustomer_test" name="verifyAddCustomerFunctionality" time="1.767"/>
  <testcase classname="com.crm.qa.testcases.Manager_OpenAccount_test" name="OpenAccountCustomerTest" time="4.59"/>
</testsuite> <!-- Test_NG -->
