<?xml version="1.0" encoding="UTF-8"?>
<testng-results ignored="0" total="6" passed="6" failed="0" skipped="0">
  <reporter-output>
  </reporter-output>
  <suite started-at="2024-03-08T10:44:57 IST" name="AXIS BANK CAPSTONE PROJECT Suite" finished-at="2024-03-08T10:45:46 IST" duration-ms="49364">
    <groups>
    </groups>
    <test started-at="2024-03-08T10:44:57 IST" name="Test_NG" finished-at="2024-03-08T10:45:46 IST" duration-ms="49364">
      <class name="com.crm.qa.testcases.Manager_AddCustomer_test">
        <test-method is-config="true" signature="setUp()[pri:0, instance:com.crm.qa.testcases.Manager_AddCustomer_test@5032714f]" started-at="2024-03-08T10:45:35 IST" name="setUp" finished-at="2024-03-08T10:45:38 IST" duration-ms="2244" status="PASS">
          <reporter-output>
          </reporter-output>
        </test-method> <!-- setUp -->
        <test-method signature="verifyAddCustomerFunctionality()[pri:0, instance:com.crm.qa.testcases.Manager_AddCustomer_test@5032714f]" started-at="2024-03-08T10:45:38 IST" name="verifyAddCustomerFunctionality" finished-at="2024-03-08T10:45:39 IST" duration-ms="1767" status="PASS">
          <reporter-output>
          </reporter-output>
        </test-method> <!-- verifyAddCustomerFunctionality -->
      </class> <!-- com.crm.qa.testcases.Manager_AddCustomer_test -->
      <class name="com.crm.qa.testcases.Manager_OpenAccount_test">
        <test-method is-config="true" signature="setUp()[pri:0, instance:com.crm.qa.testcases.Manager_OpenAccount_test@48bb62]" started-at="2024-03-08T10:45:39 IST" name="setUp" finished-at="2024-03-08T10:45:42 IST" duration-ms="2247" status="PASS">
          <reporter-output>
          </reporter-output>
        </test-method> <!-- setUp -->
        <test-method signature="OpenAccountCustomerTest()[pri:0, instance:com.crm.qa.testcases.Manager_OpenAccount_test@48bb62]" started-at="2024-03-08T10:45:42 IST" name="OpenAccountCustomerTest" finished-at="2024-03-08T10:45:46 IST" duration-ms="4590" status="PASS">
          <reporter-output>
          </reporter-output>
        </test-method> <!-- OpenAccountCustomerTest -->
      </class> <!-- com.crm.qa.testcases.Manager_OpenAccount_test -->
      <class name="com.crm.qa.testcases.Manager_Customers_test">
        <test-method is-config="true" signature="setUp()[pri:0, instance:com.crm.qa.testcases.Manager_Customers_test@5524cca1]" started-at="2024-03-08T10:45:28 IST" name="setUp" finished-at="2024-03-08T10:45:30 IST" duration-ms="2080" status="PASS">
          <reporter-output>
          </reporter-output>
        </test-method> <!-- setUp -->
        <test-method signature="OpenAccountCustomerTest()[pri:0, instance:com.crm.qa.testcases.Manager_Customers_test@5524cca1]" started-at="2024-03-08T10:45:30 IST" name="OpenAccountCustomerTest" finished-at="2024-03-08T10:45:35 IST" duration-ms="4783" status="PASS">
          <reporter-output>
          </reporter-output>
        </test-method> <!-- OpenAccountCustomerTest -->
      </class> <!-- com.crm.qa.testcases.Manager_Customers_test -->
      <class name="com.crm.qa.testcases.Customer_Deposit_test">
        <test-method is-config="true" signature="setUp()[pri:0, instance:com.crm.qa.testcases.Customer_Deposit_test@1a75e76a]" started-at="2024-03-08T10:45:20 IST" name="setUp" finished-at="2024-03-08T10:45:22 IST" duration-ms="2443" status="PASS">
          <reporter-output>
          </reporter-output>
        </test-method> <!-- setUp -->
        <test-method signature="DepositCustomerTest()[pri:0, instance:com.crm.qa.testcases.Customer_Deposit_test@1a75e76a]" started-at="2024-03-08T10:45:22 IST" name="DepositCustomerTest" finished-at="2024-03-08T10:45:28 IST" duration-ms="6210" status="PASS">
          <reporter-output>
          </reporter-output>
        </test-method> <!-- DepositCustomerTest -->
      </class> <!-- com.crm.qa.testcases.Customer_Deposit_test -->
      <class name="com.crm.qa.testcases.Customer_Transaction_test">
        <test-method is-config="true" signature="setUp()[pri:0, instance:com.crm.qa.testcases.Customer_Transaction_test@117159c0]" started-at="2024-03-08T10:44:57 IST" name="setUp" finished-at="2024-03-08T10:45:00 IST" duration-ms="3426" status="PASS">
          <reporter-output>
          </reporter-output>
        </test-method> <!-- setUp -->
        <test-method signature="DepositCustomerTest()[pri:0, instance:com.crm.qa.testcases.Customer_Transaction_test@117159c0]" started-at="2024-03-08T10:45:00 IST" name="DepositCustomerTest" finished-at="2024-03-08T10:45:09 IST" duration-ms="8555" status="PASS">
          <reporter-output>
          </reporter-output>
        </test-method> <!-- DepositCustomerTest -->
      </class> <!-- com.crm.qa.testcases.Customer_Transaction_test -->
      <class name="com.crm.qa.testcases.Customer_Withdarw_test">
        <test-method is-config="true" signature="setUp()[pri:0, instance:com.crm.qa.testcases.Customer_Withdarw_test@33bc72d1]" started-at="2024-03-08T10:45:09 IST" name="setUp" finished-at="2024-03-08T10:45:12 IST" duration-ms="2735" status="PASS">
          <reporter-output>
          </reporter-output>
        </test-method> <!-- setUp -->
        <test-method signature="DepositCustomerTest()[pri:0, instance:com.crm.qa.testcases.Customer_Withdarw_test@33bc72d1]" started-at="2024-03-08T10:45:12 IST" name="DepositCustomerTest" finished-at="2024-03-08T10:45:20 IST" duration-ms="8217" status="PASS">
          <reporter-output>
          </reporter-output>
        </test-method> <!-- DepositCustomerTest -->
      </class> <!-- com.crm.qa.testcases.Customer_Withdarw_test -->
    </test> <!-- Test_NG -->
  </suite> <!-- AXIS BANK CAPSTONE PROJECT Suite -->
</testng-results>
