<?xml version="1.0" encoding="UTF-8"?>
<testng-results ignored="0" total="6" passed="6" failed="0" skipped="0">
  <reporter-output>
  </reporter-output>
  <suite started-at="2024-03-08T15:41:58 IST" name="AXIS BANK CAPSTONE PROJECT Suite" finished-at="2024-03-08T15:43:08 IST" duration-ms="70351">
    <groups>
    </groups>
    <test started-at="2024-03-08T15:41:58 IST" name="Test_NG" finished-at="2024-03-08T15:43:08 IST" duration-ms="70351">
      <class name="com.crm.qa.testcases.Manager_AddCustomer_test">
        <test-method is-config="true" signature="setUp()[pri:0, instance:com.crm.qa.testcases.Manager_AddCustomer_test@5032714f]" started-at="2024-03-08T15:42:54 IST" name="setUp" finished-at="2024-03-08T15:42:57 IST" duration-ms="3553" status="PASS">
          <reporter-output>
          </reporter-output>
        </test-method> <!-- setUp -->
        <test-method signature="verifyAddCustomerFunctionality()[pri:0, instance:com.crm.qa.testcases.Manager_AddCustomer_test@5032714f]" started-at="2024-03-08T15:42:57 IST" name="verifyAddCustomerFunctionality" finished-at="2024-03-08T15:42:59 IST" duration-ms="2164" status="PASS">
          <reporter-output>
          </reporter-output>
        </test-method> <!-- verifyAddCustomerFunctionality -->
      </class> <!-- com.crm.qa.testcases.Manager_AddCustomer_test -->
      <class name="com.crm.qa.testcases.Manager_OpenAccount_test">
        <test-method is-config="true" signature="setUp()[pri:0, instance:com.crm.qa.testcases.Manager_OpenAccount_test@48bb62]" started-at="2024-03-08T15:42:59 IST" name="setUp" finished-at="2024-03-08T15:43:03 IST" duration-ms="3822" status="PASS">
          <reporter-output>
          </reporter-output>
        </test-method> <!-- setUp -->
        <test-method signature="OpenAccountCustomerTest()[pri:0, instance:com.crm.qa.testcases.Manager_OpenAccount_test@48bb62]" started-at="2024-03-08T15:43:03 IST" name="OpenAccountCustomerTest" finished-at="2024-03-08T15:43:08 IST" duration-ms="4882" status="PASS">
          <reporter-output>
          </reporter-output>
        </test-method> <!-- OpenAccountCustomerTest -->
      </class> <!-- com.crm.qa.testcases.Manager_OpenAccount_test -->
      <class name="com.crm.qa.testcases.Manager_Customers_test">
        <test-method is-config="true" signature="setUp()[pri:0, instance:com.crm.qa.testcases.Manager_Customers_test@5524cca1]" started-at="2024-03-08T15:42:35 IST" name="setUp" finished-at="2024-03-08T15:42:40 IST" duration-ms="4982" status="PASS">
          <reporter-output>
          </reporter-output>
        </test-method> <!-- setUp -->
        <test-method signature="OpenAccountCustomerTest()[pri:0, instance:com.crm.qa.testcases.Manager_Customers_test@5524cca1]" started-at="2024-03-08T15:42:40 IST" name="OpenAccountCustomerTest" finished-at="2024-03-08T15:42:54 IST" duration-ms="13328" status="PASS">
          <reporter-output>
          </reporter-output>
        </test-method> <!-- OpenAccountCustomerTest -->
      </class> <!-- com.crm.qa.testcases.Manager_Customers_test -->
      <class name="com.crm.qa.testcases.Customer_Deposit_test">
        <test-method is-config="true" signature="setUp()[pri:0, instance:com.crm.qa.testcases.Customer_Deposit_test@1a75e76a]" started-at="2024-03-08T15:42:23 IST" name="setUp" finished-at="2024-03-08T15:42:27 IST" duration-ms="4062" status="PASS">
          <reporter-output>
          </reporter-output>
        </test-method> <!-- setUp -->
        <test-method signature="DepositCustomerTest()[pri:0, instance:com.crm.qa.testcases.Customer_Deposit_test@1a75e76a]" started-at="2024-03-08T15:42:27 IST" name="DepositCustomerTest" finished-at="2024-03-08T15:42:35 IST" duration-ms="8043" status="PASS">
          <reporter-output>
          </reporter-output>
        </test-method> <!-- DepositCustomerTest -->
      </class> <!-- com.crm.qa.testcases.Customer_Deposit_test -->
      <class name="com.crm.qa.testcases.Customer_Transaction_test">
        <test-method is-config="true" signature="setUp()[pri:0, instance:com.crm.qa.testcases.Customer_Transaction_test@117159c0]" started-at="2024-03-08T15:41:58 IST" name="setUp" finished-at="2024-03-08T15:42:02 IST" duration-ms="3941" status="PASS">
          <reporter-output>
          </reporter-output>
        </test-method> <!-- setUp -->
        <test-method signature="DepositCustomerTest()[pri:0, instance:com.crm.qa.testcases.Customer_Transaction_test@117159c0]" started-at="2024-03-08T15:42:02 IST" name="DepositCustomerTest" finished-at="2024-03-08T15:42:11 IST" duration-ms="9684" status="PASS">
          <reporter-output>
          </reporter-output>
        </test-method> <!-- DepositCustomerTest -->
      </class> <!-- com.crm.qa.testcases.Customer_Transaction_test -->
      <class name="com.crm.qa.testcases.Customer_Withdarw_test">
        <test-method is-config="true" signature="setUp()[pri:0, instance:com.crm.qa.testcases.Customer_Withdarw_test@33bc72d1]" started-at="2024-03-08T15:42:11 IST" name="setUp" finished-at="2024-03-08T15:42:14 IST" duration-ms="2533" status="PASS">
          <reporter-output>
          </reporter-output>
        </test-method> <!-- setUp -->
        <test-method signature="DepositCustomerTest()[pri:0, instance:com.crm.qa.testcases.Customer_Withdarw_test@33bc72d1]" started-at="2024-03-08T15:42:14 IST" name="DepositCustomerTest" finished-at="2024-03-08T15:42:23 IST" duration-ms="9281" status="PASS">
          <reporter-output>
          </reporter-output>
        </test-method> <!-- DepositCustomerTest -->
      </class> <!-- com.crm.qa.testcases.Customer_Withdarw_test -->
    </test> <!-- Test_NG -->
  </suite> <!-- AXIS BANK CAPSTONE PROJECT Suite -->
</testng-results>
