<?xml version="1.0" encoding="UTF-8"?>
<testsuite xmlns:xsi="http://www.w3.org/2001/XMLSchema-instance" xsi:noNamespaceSchemaLocation="https://maven.apache.org/surefire/maven-surefire-plugin/xsd/surefire-test-report-3.0.xsd" version="3.0" name="TestSuite" time="49.968" tests="6" errors="0" skipped="0" failures="0">
  <properties>
[...]
</properties>
  <testcase name="DepositCustomerTest" classname="com.crm.qa.testcases.Customer_Transaction_test" time="8.596">
    <system-out><![CDATA[Before navigating to: 'https://www.globalsqa.com/angularJs-protractor/BankingProject/#/login'
Navigated to:'https://www.globalsqa.com/angularJs-protractor/BankingProject/#/login'
Trying to find Element By : By.xpath: //button[@ng-click='manager()']
Found Element By : By.xpath: //button[@ng-click='manager()']
Trying to click on: [[ChromeDriver: chrome on windows (adf26de415ca93d422e9fe3ce4fa5678)] -> xpath: //button[@ng-click='manager()']]
Clicked on: [[ChromeDriver: chrome on windows (adf26de415ca93d422e9fe3ce4fa5678)] -> xpath: //button[@ng-click='manager()']]
Trying to find Element By : By.xpath: //button[@ng-class='btnClass1']
Found Element By : By.xpath: //button[@ng-class='btnClass1']
Trying to find Element By : By.xpath: //button[@ng-class='btnClass1']
Found Element By : By.xpath: //button[@ng-class='btnClass1']
Trying to find Element By : By.xpath: //button[@ng-class='btnClass1']
Found Element By : By.xpath: //button[@ng-class='btnClass1']
Trying to click on: [[ChromeDriver: chrome on windows (adf26de415ca93d422e9fe3ce4fa5678)] -> xpath: //button[@ng-class='btnClass1']]
Clicked on: [[ChromeDriver: chrome on windows (adf26de415ca93d422e9fe3ce4fa5678)] -> xpath: //button[@ng-class='btnClass1']]
Trying to find Element By : By.xpath: //input[@ng-model='fName']
Found Element By : By.xpath: //input[@ng-model='fName']
Trying to find Element By : By.xpath: //input[@ng-model='lName']
Found Element By : By.xpath: //input[@ng-model='lName']
Trying to find Element By : By.xpath: //input[@ng-model='postCd']
Found Element By : By.xpath: //input[@ng-model='postCd']
Trying to find Element By : By.xpath: //button[@type = 'submit']
Found Element By : By.xpath: //button[@type = 'submit']
Trying to click on: [[ChromeDriver: chrome on windows (adf26de415ca93d422e9fe3ce4fa5678)] -> xpath: //button[@type = 'submit']]
Clicked on: [[ChromeDriver: chrome on windows (adf26de415ca93d422e9fe3ce4fa5678)] -> xpath: //button[@type = 'submit']]
Customer Added By Bank manager successfully
Trying to find Element By : By.xpath: //button[@ng-click ='openAccount()']
Found Element By : By.xpath: //button[@ng-click ='openAccount()']
Trying to find Element By : By.xpath: //button[@ng-click ='openAccount()']
Found Element By : By.xpath: //button[@ng-click ='openAccount()']
Trying to click on: [[ChromeDriver: chrome on windows (adf26de415ca93d422e9fe3ce4fa5678)] -> xpath: //button[@ng-click ='openAccount()']]
Clicked on: [[ChromeDriver: chrome on windows (adf26de415ca93d422e9fe3ce4fa5678)] -> xpath: //button[@ng-click ='openAccount()']]
User clicked on Open Account
Trying to find Element By : By.id: userSelect
Found Element By : By.id: userSelect
Trying to find Element By : By.id: userSelect
Found Element By : By.id: userSelect
Trying to click on: [[ChromeDriver: chrome on windows (adf26de415ca93d422e9fe3ce4fa5678)] -> id: userSelect]
Clicked on: [[ChromeDriver: chrome on windows (adf26de415ca93d422e9fe3ce4fa5678)] -> id: userSelect]
User clicked on Name Dropdown
Trying to find Element By : By.xpath: //option[text() = 'Ashwin Ramteke']
Found Element By : By.xpath: //option[text() = 'Ashwin Ramteke']
Trying to find Element By : By.xpath: //option[text() = 'Ashwin Ramteke']
Found Element By : By.xpath: //option[text() = 'Ashwin Ramteke']
Trying to click on: [[ChromeDriver: chrome on windows (adf26de415ca93d422e9fe3ce4fa5678)] -> xpath: //option[text() = 'Ashwin Ramteke']]
Clicked on: [[ChromeDriver: chrome on windows (adf26de415ca93d422e9fe3ce4fa5678)] -> xpath: //option[text() = 'Ashwin Ramteke']]
User selected name Ashwin Ramteke
Trying to find Element By : By.xpath: //select[@ng-model = 'currency']
Found Element By : By.xpath: //select[@ng-model = 'currency']
Trying to find Element By : By.xpath: //select[@ng-model = 'currency']
Found Element By : By.xpath: //select[@ng-model = 'currency']
Trying to click on: [[ChromeDriver: chrome on windows (adf26de415ca93d422e9fe3ce4fa5678)] -> xpath: //select[@ng-model = 'currency']]
Clicked on: [[ChromeDriver: chrome on windows (adf26de415ca93d422e9fe3ce4fa5678)] -> xpath: //select[@ng-model = 'currency']]
User clicked on Currency Dropdown
Trying to find Element By : By.xpath: //option[text() = 'Rupee']
Found Element By : By.xpath: //option[text() = 'Rupee']
Trying to find Element By : By.xpath: //option[text() = 'Rupee']
Found Element By : By.xpath: //option[text() = 'Rupee']
Trying to click on: [[ChromeDriver: chrome on windows (adf26de415ca93d422e9fe3ce4fa5678)] -> xpath: //option[text() = 'Rupee']]
Clicked on: [[ChromeDriver: chrome on windows (adf26de415ca93d422e9fe3ce4fa5678)] -> xpath: //option[text() = 'Rupee']]
User selected currency Rupee
Trying to find Element By : By.xpath: //button[@type='submit']
Found Element By : By.xpath: //button[@type='submit']
Trying to find Element By : By.xpath: //button[@type='submit']
Found Element By : By.xpath: //button[@type='submit']
Trying to click on: [[ChromeDriver: chrome on windows (adf26de415ca93d422e9fe3ce4fa5678)] -> xpath: //button[@type='submit']]
Clicked on: [[ChromeDriver: chrome on windows (adf26de415ca93d422e9fe3ce4fa5678)] -> xpath: //button[@type='submit']]
Account Opened for Ashwin Ramteke
Account Opened By Bank manager successfully
Trying to find Element By : By.id: userSelect
Found Element By : By.id: userSelect
Trying to find Element By : By.id: userSelect
Found Element By : By.id: userSelect
Trying to click on: [[ChromeDriver: chrome on windows (adf26de415ca93d422e9fe3ce4fa5678)] -> id: userSelect]
Clicked on: [[ChromeDriver: chrome on windows (adf26de415ca93d422e9fe3ce4fa5678)] -> id: userSelect]
User clicked on Name Dropdown
Trying to find Element By : By.xpath: //select[@ng-model = 'currency']
Found Element By : By.xpath: //select[@ng-model = 'currency']
Trying to find Element By : By.xpath: //select[@ng-model = 'currency']
Found Element By : By.xpath: //select[@ng-model = 'currency']
Trying to click on: [[ChromeDriver: chrome on windows (adf26de415ca93d422e9fe3ce4fa5678)] -> xpath: //select[@ng-model = 'currency']]
Clicked on: [[ChromeDriver: chrome on windows (adf26de415ca93d422e9fe3ce4fa5678)] -> xpath: //select[@ng-model = 'currency']]
User clicked on Currency Dropdown
Trying to find Element By : By.xpath: //button[@type='submit']
Found Element By : By.xpath: //button[@type='submit']
Trying to find Element By : By.xpath: //button[@type='submit']
Found Element By : By.xpath: //button[@type='submit']
Trying to click on: [[ChromeDriver: chrome on windows (adf26de415ca93d422e9fe3ce4fa5678)] -> xpath: //button[@type='submit']]
Clicked on: [[ChromeDriver: chrome on windows (adf26de415ca93d422e9fe3ce4fa5678)] -> xpath: //button[@type='submit']]
Account Opened for Ashwin Ramteke
Trying to find Element By : By.xpath: //select[@ng-model = 'custId']
Found Element By : By.xpath: //select[@ng-model = 'custId']
Trying to find Element By : By.xpath: //select[@ng-model = 'custId']
Found Element By : By.xpath: //select[@ng-model = 'custId']
Error will come as Please select item in list
Error - Please select an item in the list
Trying to find Element By : By.xpath: //button[@ng-click ='showCust()']
Found Element By : By.xpath: //button[@ng-click ='showCust()']
Trying to find Element By : By.xpath: //button[@ng-click ='showCust()']
Found Element By : By.xpath: //button[@ng-click ='showCust()']
Trying to click on: [[ChromeDriver: chrome on windows (adf26de415ca93d422e9fe3ce4fa5678)] -> xpath: //button[@ng-click ='showCust()']]
Clicked on: [[ChromeDriver: chrome on windows (adf26de415ca93d422e9fe3ce4fa5678)] -> xpath: //button[@ng-click ='showCust()']]
User clicked on Customer button
Trying to find Element By : By.xpath: //div[@class='marTop ng-scope']
Found Element By : By.xpath: //div[@class='marTop ng-scope']
Trying to find Element By : By.xpath: //div[@class='marTop ng-scope']
Found Element By : By.xpath: //div[@class='marTop ng-scope']
User able to see details of existing customers
Trying to find Element By : By.xpath: //input[@ng-model='searchCustomer']
Found Element By : By.xpath: //input[@ng-model='searchCustomer']
Trying to find Element By : By.xpath: //input[@ng-model='searchCustomer']
Found Element By : By.xpath: //input[@ng-model='searchCustomer']
Trying to click on: [[ChromeDriver: chrome on windows (adf26de415ca93d422e9fe3ce4fa5678)] -> xpath: //input[@ng-model='searchCustomer']]
Clicked on: [[ChromeDriver: chrome on windows (adf26de415ca93d422e9fe3ce4fa5678)] -> xpath: //input[@ng-model='searchCustomer']]
Trying to find Element By : By.xpath: //input[@ng-model='searchCustomer']
Found Element By : By.xpath: //input[@ng-model='searchCustomer']
User searched for name Hermoine
Trying to find Element By : By.xpath: //button[@ng-click='deleteCust(cust)']
Found Element By : By.xpath: //button[@ng-click='deleteCust(cust)']
Trying to find Element By : By.xpath: //button[@ng-click='deleteCust(cust)']
Found Element By : By.xpath: //button[@ng-click='deleteCust(cust)']
Trying to click on: [[ChromeDriver: chrome on windows (adf26de415ca93d422e9fe3ce4fa5678)] -> xpath: //button[@ng-click='deleteCust(cust)']]
Clicked on: [[ChromeDriver: chrome on windows (adf26de415ca93d422e9fe3ce4fa5678)] -> xpath: //button[@ng-click='deleteCust(cust)']]
Customer Hermoine Granger is deleted from the customer list
Trying to find Element By : By.xpath: //button[@ng-click='home()']
Found Element By : By.xpath: //button[@ng-click='home()']
Trying to find Element By : By.xpath: //button[@ng-click='home()']
Found Element By : By.xpath: //button[@ng-click='home()']
Trying to click on: [[ChromeDriver: chrome on windows (adf26de415ca93d422e9fe3ce4fa5678)] -> xpath: //button[@ng-click='home()']]
Clicked on: [[ChromeDriver: chrome on windows (adf26de415ca93d422e9fe3ce4fa5678)] -> xpath: //button[@ng-click='home()']]
User Clicked on Home Button
Customer Ashwin Deleted from list
Trying to find Element By : By.xpath: //button[@ng-click='customer()']
Found Element By : By.xpath: //button[@ng-click='customer()']
Trying to click on: [[ChromeDriver: chrome on windows (adf26de415ca93d422e9fe3ce4fa5678)] -> xpath: //button[@ng-click='customer()']]
Clicked on: [[ChromeDriver: chrome on windows (adf26de415ca93d422e9fe3ce4fa5678)] -> xpath: //button[@ng-click='customer()']]
User clicked on Customer Button
Trying to find Element By : By.xpath: //select[@ng-model='custId']
Found Element By : By.xpath: //select[@ng-model='custId']
Trying to find Element By : By.xpath: //select[@ng-model='custId']
Found Element By : By.xpath: //select[@ng-model='custId']
Trying to click on: [[ChromeDriver: chrome on windows (adf26de415ca93d422e9fe3ce4fa5678)] -> xpath: //select[@ng-model='custId']]
Clicked on: [[ChromeDriver: chrome on windows (adf26de415ca93d422e9fe3ce4fa5678)] -> xpath: //select[@ng-model='custId']]
User clicked on Your Name Dropdown
Trying to find Element By : By.xpath: //option[text() = 'Ashwin Ramteke']
Found Element By : By.xpath: //option[text() = 'Ashwin Ramteke']
Trying to find Element By : By.xpath: //option[text() = 'Ashwin Ramteke']
Found Element By : By.xpath: //option[text() = 'Ashwin Ramteke']
Trying to click on: [[ChromeDriver: chrome on windows (adf26de415ca93d422e9fe3ce4fa5678)] -> xpath: //option[text() = 'Ashwin Ramteke']]
Clicked on: [[ChromeDriver: chrome on windows (adf26de415ca93d422e9fe3ce4fa5678)] -> xpath: //option[text() = 'Ashwin Ramteke']]
User selected name Ashwin Ramteke
Trying to find Element By : By.xpath: //button[@type = 'submit']
Found Element By : By.xpath: //button[@type = 'submit']
Trying to click on: [[ChromeDriver: chrome on windows (adf26de415ca93d422e9fe3ce4fa5678)] -> xpath: //button[@type = 'submit']]
Clicked on: [[ChromeDriver: chrome on windows (adf26de415ca93d422e9fe3ce4fa5678)] -> xpath: //button[@type = 'submit']]
User clicked Login Button
Trying to find Element By : By.xpath: //button[@ng-click='deposit()']
Found Element By : By.xpath: //button[@ng-click='deposit()']
Trying to find Element By : By.xpath: //button[@ng-click='deposit()']
Found Element By : By.xpath: //button[@ng-click='deposit()']
Trying to click on: [[ChromeDriver: chrome on windows (adf26de415ca93d422e9fe3ce4fa5678)] -> xpath: //button[@ng-click='deposit()']]
Clicked on: [[ChromeDriver: chrome on windows (adf26de415ca93d422e9fe3ce4fa5678)] -> xpath: //button[@ng-click='deposit()']]
User selected  Deposit Button
Trying to find Element By : By.xpath: //input[@placeholder='amount']
Found Element By : By.xpath: //input[@placeholder='amount']
Trying to find Element By : By.xpath: //input[@placeholder='amount']
Found Element By : By.xpath: //input[@placeholder='amount']
Trying to find Element By : By.xpath: //button[@type = 'submit']
Found Element By : By.xpath: //button[@type = 'submit']
Trying to click on: [[ChromeDriver: chrome on windows (adf26de415ca93d422e9fe3ce4fa5678)] -> xpath: //button[@type = 'submit']]
Clicked on: [[ChromeDriver: chrome on windows (adf26de415ca93d422e9fe3ce4fa5678)] -> xpath: //button[@type = 'submit']]
Money deposited to account
Trying to find Element By : By.xpath: //input[@placeholder='amount']
Found Element By : By.xpath: //input[@placeholder='amount']
Trying to find Element By : By.xpath: //input[@placeholder='amount']
Found Element By : By.xpath: //input[@placeholder='amount']
Trying to find Element By : By.xpath: //button[@type = 'submit']
Found Element By : By.xpath: //button[@type = 'submit']
Trying to click on: [[ChromeDriver: chrome on windows (adf26de415ca93d422e9fe3ce4fa5678)] -> xpath: //button[@type = 'submit']]
Clicked on: [[ChromeDriver: chrome on windows (adf26de415ca93d422e9fe3ce4fa5678)] -> xpath: //button[@type = 'submit']]
Money deposited to account
Trying to find Element By : By.xpath: //input[@placeholder='amount']
Found Element By : By.xpath: //input[@placeholder='amount']
Trying to find Element By : By.xpath: //input[@placeholder='amount']
Found Element By : By.xpath: //input[@placeholder='amount']
Trying to find Element By : By.xpath: //button[@type = 'submit']
Found Element By : By.xpath: //button[@type = 'submit']
Trying to click on: [[ChromeDriver: chrome on windows (adf26de415ca93d422e9fe3ce4fa5678)] -> xpath: //button[@type = 'submit']]
Clicked on: [[ChromeDriver: chrome on windows (adf26de415ca93d422e9fe3ce4fa5678)] -> xpath: //button[@type = 'submit']]
Money deposited to account
Trying to find Element By : By.xpath: //input[@placeholder='amount']
Found Element By : By.xpath: //input[@placeholder='amount']
Trying to find Element By : By.xpath: //input[@placeholder='amount']
Found Element By : By.xpath: //input[@placeholder='amount']
Trying to find Element By : By.xpath: //button[@type = 'submit']
Found Element By : By.xpath: //button[@type = 'submit']
Trying to click on: [[ChromeDriver: chrome on windows (adf26de415ca93d422e9fe3ce4fa5678)] -> xpath: //button[@type = 'submit']]
Clicked on: [[ChromeDriver: chrome on windows (adf26de415ca93d422e9fe3ce4fa5678)] -> xpath: //button[@type = 'submit']]
Money deposited to account
Amount Deposit to customer account
Trying to find Element By : By.xpath: //button[@ng-click='withdrawl()']
Found Element By : By.xpath: //button[@ng-click='withdrawl()']
Trying to find Element By : By.xpath: //button[@ng-click='withdrawl()']
Found Element By : By.xpath: //button[@ng-click='withdrawl()']
Trying to find Element By : By.xpath: //button[@ng-click='withdrawl()']
Found Element By : By.xpath: //button[@ng-click='withdrawl()']
Trying to click on: [[ChromeDriver: chrome on windows (adf26de415ca93d422e9fe3ce4fa5678)] -> xpath: //button[@ng-click='withdrawl()']]
Clicked on: [[ChromeDriver: chrome on windows (adf26de415ca93d422e9fe3ce4fa5678)] -> xpath: //button[@ng-click='withdrawl()']]
User selected Withdraw Button
Trying to find Element By : By.xpath: //input[@placeholder='amount']
Found Element By : By.xpath: //input[@placeholder='amount']
Trying to find Element By : By.xpath: //input[@placeholder='amount']
Found Element By : By.xpath: //input[@placeholder='amount']
Trying to find Element By : By.xpath: //button[normalize-space()='Withdraw']
Found Element By : By.xpath: //button[normalize-space()='Withdraw']
Trying to find Element By : By.xpath: //button[normalize-space()='Withdraw']
Found Element By : By.xpath: //button[normalize-space()='Withdraw']
Trying to find Element By : By.xpath: //button[normalize-space()='Withdraw']
Found Element By : By.xpath: //button[normalize-space()='Withdraw']
Trying to click on: [[ChromeDriver: chrome on windows (adf26de415ca93d422e9fe3ce4fa5678)] -> xpath: //button[normalize-space()='Withdraw']]
Clicked on: [[ChromeDriver: chrome on windows (adf26de415ca93d422e9fe3ce4fa5678)] -> xpath: //button[normalize-space()='Withdraw']]
Money Withdrawn from account
Trying to find Element By : By.xpath: //input[@placeholder='amount']
Found Element By : By.xpath: //input[@placeholder='amount']
Trying to find Element By : By.xpath: //input[@placeholder='amount']
Found Element By : By.xpath: //input[@placeholder='amount']
Trying to find Element By : By.xpath: //button[normalize-space()='Withdraw']
Found Element By : By.xpath: //button[normalize-space()='Withdraw']
Trying to find Element By : By.xpath: //button[normalize-space()='Withdraw']
Found Element By : By.xpath: //button[normalize-space()='Withdraw']
Trying to find Element By : By.xpath: //button[normalize-space()='Withdraw']
Found Element By : By.xpath: //button[normalize-space()='Withdraw']
Trying to click on: [[ChromeDriver: chrome on windows (adf26de415ca93d422e9fe3ce4fa5678)] -> xpath: //button[normalize-space()='Withdraw']]
Clicked on: [[ChromeDriver: chrome on windows (adf26de415ca93d422e9fe3ce4fa5678)] -> xpath: //button[normalize-space()='Withdraw']]
Money Withdrawn from account
Trying to find Element By : By.xpath: //input[@placeholder='amount']
Found Element By : By.xpath: //input[@placeholder='amount']
Trying to find Element By : By.xpath: //input[@placeholder='amount']
Found Element By : By.xpath: //input[@placeholder='amount']
Trying to find Element By : By.xpath: //button[normalize-space()='Withdraw']
Found Element By : By.xpath: //button[normalize-space()='Withdraw']
Trying to find Element By : By.xpath: //button[normalize-space()='Withdraw']
Found Element By : By.xpath: //button[normalize-space()='Withdraw']
Trying to find Element By : By.xpath: //button[normalize-space()='Withdraw']
Found Element By : By.xpath: //button[normalize-space()='Withdraw']
Trying to click on: [[ChromeDriver: chrome on windows (adf26de415ca93d422e9fe3ce4fa5678)] -> xpath: //button[normalize-space()='Withdraw']]
Clicked on: [[ChromeDriver: chrome on windows (adf26de415ca93d422e9fe3ce4fa5678)] -> xpath: //button[normalize-space()='Withdraw']]
Money Withdrawn from account
Trying to find Element By : By.xpath: //input[@placeholder='amount']
Found Element By : By.xpath: //input[@placeholder='amount']
Trying to find Element By : By.xpath: //input[@placeholder='amount']
Found Element By : By.xpath: //input[@placeholder='amount']
Trying to find Element By : By.xpath: //button[normalize-space()='Withdraw']
Found Element By : By.xpath: //button[normalize-space()='Withdraw']
Trying to find Element By : By.xpath: //button[normalize-space()='Withdraw']
Found Element By : By.xpath: //button[normalize-space()='Withdraw']
Trying to find Element By : By.xpath: //button[normalize-space()='Withdraw']
Found Element By : By.xpath: //button[normalize-space()='Withdraw']
Trying to click on: [[ChromeDriver: chrome on windows (adf26de415ca93d422e9fe3ce4fa5678)] -> xpath: //button[normalize-space()='Withdraw']]
Clicked on: [[ChromeDriver: chrome on windows (adf26de415ca93d422e9fe3ce4fa5678)] -> xpath: //button[normalize-space()='Withdraw']]
Money Withdrawn from account
Trying to find Element By : By.xpath: //input[@placeholder='amount']
Found Element By : By.xpath: //input[@placeholder='amount']
Trying to find Element By : By.xpath: //input[@placeholder='amount']
Found Element By : By.xpath: //input[@placeholder='amount']
Trying to find Element By : By.xpath: //button[normalize-space()='Withdraw']
Found Element By : By.xpath: //button[normalize-space()='Withdraw']
Trying to find Element By : By.xpath: //button[normalize-space()='Withdraw']
Found Element By : By.xpath: //button[normalize-space()='Withdraw']
Trying to find Element By : By.xpath: //button[normalize-space()='Withdraw']
Found Element By : By.xpath: //button[normalize-space()='Withdraw']
Trying to click on: [[ChromeDriver: chrome on windows (adf26de415ca93d422e9fe3ce4fa5678)] -> xpath: //button[normalize-space()='Withdraw']]
Clicked on: [[ChromeDriver: chrome on windows (adf26de415ca93d422e9fe3ce4fa5678)] -> xpath: //button[normalize-space()='Withdraw']]
Money Withdrawn from account
Trying to find Element By : By.xpath: //strong[normalize-space()='1016']
Found Element By : By.xpath: //strong[normalize-space()='1016']
Trying to find Element By : By.xpath: //strong[normalize-space()='1016']
Found Element By : By.xpath: //strong[normalize-space()='1016']
Trying to find Element By : By.xpath: //strong[normalize-space()='0']
Found Element By : By.xpath: //strong[normalize-space()='0']
Trying to find Element By : By.xpath: //strong[normalize-space()='0']
Found Element By : By.xpath: //strong[normalize-space()='0']
Amount Withdraw from customer account
Trying to find Element By : By.xpath: //button[@ng-class='btnClass1']
Found Element By : By.xpath: //button[@ng-class='btnClass1']
Trying to find Element By : By.xpath: //button[@ng-class='btnClass1']
Found Element By : By.xpath: //button[@ng-class='btnClass1']
Trying to click on: [[ChromeDriver: chrome on windows (adf26de415ca93d422e9fe3ce4fa5678)] -> xpath: //button[@ng-class='btnClass1']]
Clicked on: [[ChromeDriver: chrome on windows (adf26de415ca93d422e9fe3ce4fa5678)] -> xpath: //button[@ng-class='btnClass1']]
User selected Transactions Button
Trying to find Element By : By.xpath: //button[@ng-click='back()']
Found Element By : By.xpath: //button[@ng-click='back()']
Trying to find Element By : By.xpath: //button[@ng-click='back()']
Found Element By : By.xpath: //button[@ng-click='back()']
Trying to click on: [[ChromeDriver: chrome on windows (adf26de415ca93d422e9fe3ce4fa5678)] -> xpath: //button[@ng-click='back()']]
Clicked on: [[ChromeDriver: chrome on windows (adf26de415ca93d422e9fe3ce4fa5678)] -> xpath: //button[@ng-click='back()']]
User clicked Back Button
Trying to find Element By : By.xpath: //button[@ng-class='btnClass1']
Found Element By : By.xpath: //button[@ng-class='btnClass1']
Trying to find Element By : By.xpath: //button[@ng-class='btnClass1']
Found Element By : By.xpath: //button[@ng-class='btnClass1']
Trying to click on: [[ChromeDriver: chrome on windows (adf26de415ca93d422e9fe3ce4fa5678)] -> xpath: //button[@ng-class='btnClass1']]
Clicked on: [[ChromeDriver: chrome on windows (adf26de415ca93d422e9fe3ce4fa5678)] -> xpath: //button[@ng-class='btnClass1']]
User selected Transactions Button
Trying to find Element By : By.xpath: //button[@ng-click='reset()']
Found Element By : By.xpath: //button[@ng-click='reset()']
Trying to find Element By : By.xpath: //button[@ng-click='reset()']
Found Element By : By.xpath: //button[@ng-click='reset()']
Trying to click on: [[ChromeDriver: chrome on windows (adf26de415ca93d422e9fe3ce4fa5678)] -> xpath: //button[@ng-click='reset()']]
Clicked on: [[ChromeDriver: chrome on windows (adf26de415ca93d422e9fe3ce4fa5678)] -> xpath: //button[@ng-click='reset()']]
User clicked Reset Button
Trying to find Element By : By.xpath: //button[@ng-click='byebye()']
Found Element By : By.xpath: //button[@ng-click='byebye()']
Trying to find Element By : By.xpath: //button[@ng-click='byebye()']
Found Element By : By.xpath: //button[@ng-click='byebye()']
Trying to click on: [[ChromeDriver: chrome on windows (adf26de415ca93d422e9fe3ce4fa5678)] -> xpath: //button[@ng-click='byebye()']]
Clicked on: [[ChromeDriver: chrome on windows (adf26de415ca93d422e9fe3ce4fa5678)] -> xpath: //button[@ng-click='byebye()']]
User clicked Logout Button
Transactions Displayed
]]></system-out>
    <system-err><![CDATA[SLF4J: Failed to load class "org.slf4j.impl.StaticLoggerBinder".
SLF4J: Defaulting to no-operation (NOP) logger implementation
SLF4J: See http://www.slf4j.org/codes.html#StaticLoggerBinder for further details.
Mar 08, 2024 10:44:58 AM org.openqa.selenium.devtools.CdpVersionFinder findNearestMatch
WARNING: Unable to find an exact match for CDP version 122, returning the closest version; found: 119; Please update to a Selenium version that supports CDP version 122
]]></system-err>
  </testcase>
  <testcase name="DepositCustomerTest" classname="com.crm.qa.testcases.Customer_Withdarw_test" time="8.253">
    <system-out><![CDATA[Before navigating to: 'https://www.globalsqa.com/angularJs-protractor/BankingProject/#/login'
Navigated to:'https://www.globalsqa.com/angularJs-protractor/BankingProject/#/login'
Trying to find Element By : By.xpath: //button[@ng-click='manager()']
Found Element By : By.xpath: //button[@ng-click='manager()']
Trying to click on: [[ChromeDriver: chrome on windows (c034d3a68c215872791b31abd5dd3055)] -> xpath: //button[@ng-click='manager()']]
Clicked on: [[ChromeDriver: chrome on windows (c034d3a68c215872791b31abd5dd3055)] -> xpath: //button[@ng-click='manager()']]
Trying to find Element By : By.xpath: //button[@ng-class='btnClass1']
Found Element By : By.xpath: //button[@ng-class='btnClass1']
Trying to find Element By : By.xpath: //button[@ng-class='btnClass1']
Found Element By : By.xpath: //button[@ng-class='btnClass1']
Trying to find Element By : By.xpath: //button[@ng-class='btnClass1']
Found Element By : By.xpath: //button[@ng-class='btnClass1']
Trying to click on: [[ChromeDriver: chrome on windows (c034d3a68c215872791b31abd5dd3055)] -> xpath: //button[@ng-class='btnClass1']]
Clicked on: [[ChromeDriver: chrome on windows (c034d3a68c215872791b31abd5dd3055)] -> xpath: //button[@ng-class='btnClass1']]
Trying to find Element By : By.xpath: //input[@ng-model='fName']
Found Element By : By.xpath: //input[@ng-model='fName']
Trying to find Element By : By.xpath: //input[@ng-model='lName']
Found Element By : By.xpath: //input[@ng-model='lName']
Trying to find Element By : By.xpath: //input[@ng-model='postCd']
Found Element By : By.xpath: //input[@ng-model='postCd']
Trying to find Element By : By.xpath: //button[@type = 'submit']
Found Element By : By.xpath: //button[@type = 'submit']
Trying to click on: [[ChromeDriver: chrome on windows (c034d3a68c215872791b31abd5dd3055)] -> xpath: //button[@type = 'submit']]
Clicked on: [[ChromeDriver: chrome on windows (c034d3a68c215872791b31abd5dd3055)] -> xpath: //button[@type = 'submit']]
Customer Added By Bank manager successfully
Trying to find Element By : By.xpath: //button[@ng-click ='openAccount()']
Found Element By : By.xpath: //button[@ng-click ='openAccount()']
Trying to find Element By : By.xpath: //button[@ng-click ='openAccount()']
Found Element By : By.xpath: //button[@ng-click ='openAccount()']
Trying to click on: [[ChromeDriver: chrome on windows (c034d3a68c215872791b31abd5dd3055)] -> xpath: //button[@ng-click ='openAccount()']]
Clicked on: [[ChromeDriver: chrome on windows (c034d3a68c215872791b31abd5dd3055)] -> xpath: //button[@ng-click ='openAccount()']]
User clicked on Open Account
Trying to find Element By : By.id: userSelect
Found Element By : By.id: userSelect
Trying to find Element By : By.id: userSelect
Found Element By : By.id: userSelect
Trying to click on: [[ChromeDriver: chrome on windows (c034d3a68c215872791b31abd5dd3055)] -> id: userSelect]
Clicked on: [[ChromeDriver: chrome on windows (c034d3a68c215872791b31abd5dd3055)] -> id: userSelect]
User clicked on Name Dropdown
Trying to find Element By : By.xpath: //option[text() = 'Ashwin Ramteke']
Found Element By : By.xpath: //option[text() = 'Ashwin Ramteke']
Trying to find Element By : By.xpath: //option[text() = 'Ashwin Ramteke']
Found Element By : By.xpath: //option[text() = 'Ashwin Ramteke']
Trying to click on: [[ChromeDriver: chrome on windows (c034d3a68c215872791b31abd5dd3055)] -> xpath: //option[text() = 'Ashwin Ramteke']]
Clicked on: [[ChromeDriver: chrome on windows (c034d3a68c215872791b31abd5dd3055)] -> xpath: //option[text() = 'Ashwin Ramteke']]
User selected name Ashwin Ramteke
Trying to find Element By : By.xpath: //select[@ng-model = 'currency']
Found Element By : By.xpath: //select[@ng-model = 'currency']
Trying to find Element By : By.xpath: //select[@ng-model = 'currency']
Found Element By : By.xpath: //select[@ng-model = 'currency']
Trying to click on: [[ChromeDriver: chrome on windows (c034d3a68c215872791b31abd5dd3055)] -> xpath: //select[@ng-model = 'currency']]
Clicked on: [[ChromeDriver: chrome on windows (c034d3a68c215872791b31abd5dd3055)] -> xpath: //select[@ng-model = 'currency']]
User clicked on Currency Dropdown
Trying to find Element By : By.xpath: //option[text() = 'Rupee']
Found Element By : By.xpath: //option[text() = 'Rupee']
Trying to find Element By : By.xpath: //option[text() = 'Rupee']
Found Element By : By.xpath: //option[text() = 'Rupee']
Trying to click on: [[ChromeDriver: chrome on windows (c034d3a68c215872791b31abd5dd3055)] -> xpath: //option[text() = 'Rupee']]
Clicked on: [[ChromeDriver: chrome on windows (c034d3a68c215872791b31abd5dd3055)] -> xpath: //option[text() = 'Rupee']]
User selected currency Rupee
Trying to find Element By : By.xpath: //button[@type='submit']
Found Element By : By.xpath: //button[@type='submit']
Trying to find Element By : By.xpath: //button[@type='submit']
Found Element By : By.xpath: //button[@type='submit']
Trying to click on: [[ChromeDriver: chrome on windows (c034d3a68c215872791b31abd5dd3055)] -> xpath: //button[@type='submit']]
Clicked on: [[ChromeDriver: chrome on windows (c034d3a68c215872791b31abd5dd3055)] -> xpath: //button[@type='submit']]
Account Opened for Ashwin Ramteke
Account Opened By Bank manager successfully
Trying to find Element By : By.id: userSelect
Found Element By : By.id: userSelect
Trying to find Element By : By.id: userSelect
Found Element By : By.id: userSelect
Trying to click on: [[ChromeDriver: chrome on windows (c034d3a68c215872791b31abd5dd3055)] -> id: userSelect]
Clicked on: [[ChromeDriver: chrome on windows (c034d3a68c215872791b31abd5dd3055)] -> id: userSelect]
User clicked on Name Dropdown
Trying to find Element By : By.xpath: //select[@ng-model = 'currency']
Found Element By : By.xpath: //select[@ng-model = 'currency']
Trying to find Element By : By.xpath: //select[@ng-model = 'currency']
Found Element By : By.xpath: //select[@ng-model = 'currency']
Trying to click on: [[ChromeDriver: chrome on windows (c034d3a68c215872791b31abd5dd3055)] -> xpath: //select[@ng-model = 'currency']]
Clicked on: [[ChromeDriver: chrome on windows (c034d3a68c215872791b31abd5dd3055)] -> xpath: //select[@ng-model = 'currency']]
User clicked on Currency Dropdown
Trying to find Element By : By.xpath: //button[@type='submit']
Found Element By : By.xpath: //button[@type='submit']
Trying to find Element By : By.xpath: //button[@type='submit']
Found Element By : By.xpath: //button[@type='submit']
Trying to click on: [[ChromeDriver: chrome on windows (c034d3a68c215872791b31abd5dd3055)] -> xpath: //button[@type='submit']]
Clicked on: [[ChromeDriver: chrome on windows (c034d3a68c215872791b31abd5dd3055)] -> xpath: //button[@type='submit']]
Account Opened for Ashwin Ramteke
Trying to find Element By : By.xpath: //select[@ng-model = 'custId']
Found Element By : By.xpath: //select[@ng-model = 'custId']
Trying to find Element By : By.xpath: //select[@ng-model = 'custId']
Found Element By : By.xpath: //select[@ng-model = 'custId']
Error will come as Please select item in list
Error - Please select an item in the list
Trying to find Element By : By.xpath: //button[@ng-click ='showCust()']
Found Element By : By.xpath: //button[@ng-click ='showCust()']
Trying to find Element By : By.xpath: //button[@ng-click ='showCust()']
Found Element By : By.xpath: //button[@ng-click ='showCust()']
Trying to click on: [[ChromeDriver: chrome on windows (c034d3a68c215872791b31abd5dd3055)] -> xpath: //button[@ng-click ='showCust()']]
Clicked on: [[ChromeDriver: chrome on windows (c034d3a68c215872791b31abd5dd3055)] -> xpath: //button[@ng-click ='showCust()']]
User clicked on Customer button
Trying to find Element By : By.xpath: //div[@class='marTop ng-scope']
Found Element By : By.xpath: //div[@class='marTop ng-scope']
Trying to find Element By : By.xpath: //div[@class='marTop ng-scope']
Found Element By : By.xpath: //div[@class='marTop ng-scope']
User able to see details of existing customers
Trying to find Element By : By.xpath: //input[@ng-model='searchCustomer']
Found Element By : By.xpath: //input[@ng-model='searchCustomer']
Trying to find Element By : By.xpath: //input[@ng-model='searchCustomer']
Found Element By : By.xpath: //input[@ng-model='searchCustomer']
Trying to click on: [[ChromeDriver: chrome on windows (c034d3a68c215872791b31abd5dd3055)] -> xpath: //input[@ng-model='searchCustomer']]
Clicked on: [[ChromeDriver: chrome on windows (c034d3a68c215872791b31abd5dd3055)] -> xpath: //input[@ng-model='searchCustomer']]
Trying to find Element By : By.xpath: //input[@ng-model='searchCustomer']
Found Element By : By.xpath: //input[@ng-model='searchCustomer']
User searched for name Hermoine
Trying to find Element By : By.xpath: //button[@ng-click='deleteCust(cust)']
Found Element By : By.xpath: //button[@ng-click='deleteCust(cust)']
Trying to find Element By : By.xpath: //button[@ng-click='deleteCust(cust)']
Found Element By : By.xpath: //button[@ng-click='deleteCust(cust)']
Trying to click on: [[ChromeDriver: chrome on windows (c034d3a68c215872791b31abd5dd3055)] -> xpath: //button[@ng-click='deleteCust(cust)']]
Clicked on: [[ChromeDriver: chrome on windows (c034d3a68c215872791b31abd5dd3055)] -> xpath: //button[@ng-click='deleteCust(cust)']]
Customer Hermoine Granger is deleted from the customer list
Trying to find Element By : By.xpath: //button[@ng-click='home()']
Found Element By : By.xpath: //button[@ng-click='home()']
Trying to find Element By : By.xpath: //button[@ng-click='home()']
Found Element By : By.xpath: //button[@ng-click='home()']
Trying to click on: [[ChromeDriver: chrome on windows (c034d3a68c215872791b31abd5dd3055)] -> xpath: //button[@ng-click='home()']]
Clicked on: [[ChromeDriver: chrome on windows (c034d3a68c215872791b31abd5dd3055)] -> xpath: //button[@ng-click='home()']]
User Clicked on Home Button
Customer Ashwin Deleted from list
Trying to find Element By : By.xpath: //button[@ng-click='customer()']
Found Element By : By.xpath: //button[@ng-click='customer()']
Trying to click on: [[ChromeDriver: chrome on windows (c034d3a68c215872791b31abd5dd3055)] -> xpath: //button[@ng-click='customer()']]
Clicked on: [[ChromeDriver: chrome on windows (c034d3a68c215872791b31abd5dd3055)] -> xpath: //button[@ng-click='customer()']]
User clicked on Customer Button
Trying to find Element By : By.xpath: //select[@ng-model='custId']
Found Element By : By.xpath: //select[@ng-model='custId']
Trying to find Element By : By.xpath: //select[@ng-model='custId']
Found Element By : By.xpath: //select[@ng-model='custId']
Trying to click on: [[ChromeDriver: chrome on windows (c034d3a68c215872791b31abd5dd3055)] -> xpath: //select[@ng-model='custId']]
Clicked on: [[ChromeDriver: chrome on windows (c034d3a68c215872791b31abd5dd3055)] -> xpath: //select[@ng-model='custId']]
User clicked on Your Name Dropdown
Trying to find Element By : By.xpath: //option[text() = 'Ashwin Ramteke']
Found Element By : By.xpath: //option[text() = 'Ashwin Ramteke']
Trying to find Element By : By.xpath: //option[text() = 'Ashwin Ramteke']
Found Element By : By.xpath: //option[text() = 'Ashwin Ramteke']
Trying to click on: [[ChromeDriver: chrome on windows (c034d3a68c215872791b31abd5dd3055)] -> xpath: //option[text() = 'Ashwin Ramteke']]
Clicked on: [[ChromeDriver: chrome on windows (c034d3a68c215872791b31abd5dd3055)] -> xpath: //option[text() = 'Ashwin Ramteke']]
User selected name Ashwin Ramteke
Trying to find Element By : By.xpath: //button[@type = 'submit']
Found Element By : By.xpath: //button[@type = 'submit']
Trying to click on: [[ChromeDriver: chrome on windows (c034d3a68c215872791b31abd5dd3055)] -> xpath: //button[@type = 'submit']]
Clicked on: [[ChromeDriver: chrome on windows (c034d3a68c215872791b31abd5dd3055)] -> xpath: //button[@type = 'submit']]
User clicked Login Button
Trying to find Element By : By.xpath: //button[@ng-click='deposit()']
Found Element By : By.xpath: //button[@ng-click='deposit()']
Trying to find Element By : By.xpath: //button[@ng-click='deposit()']
Found Element By : By.xpath: //button[@ng-click='deposit()']
Trying to click on: [[ChromeDriver: chrome on windows (c034d3a68c215872791b31abd5dd3055)] -> xpath: //button[@ng-click='deposit()']]
Clicked on: [[ChromeDriver: chrome on windows (c034d3a68c215872791b31abd5dd3055)] -> xpath: //button[@ng-click='deposit()']]
User selected  Deposit Button
Trying to find Element By : By.xpath: //input[@placeholder='amount']
Found Element By : By.xpath: //input[@placeholder='amount']
Trying to find Element By : By.xpath: //input[@placeholder='amount']
Found Element By : By.xpath: //input[@placeholder='amount']
Trying to find Element By : By.xpath: //button[@type = 'submit']
Found Element By : By.xpath: //button[@type = 'submit']
Trying to click on: [[ChromeDriver: chrome on windows (c034d3a68c215872791b31abd5dd3055)] -> xpath: //button[@type = 'submit']]
Clicked on: [[ChromeDriver: chrome on windows (c034d3a68c215872791b31abd5dd3055)] -> xpath: //button[@type = 'submit']]
Money deposited to account
Trying to find Element By : By.xpath: //input[@placeholder='amount']
Found Element By : By.xpath: //input[@placeholder='amount']
Trying to find Element By : By.xpath: //input[@placeholder='amount']
Found Element By : By.xpath: //input[@placeholder='amount']
Trying to find Element By : By.xpath: //button[@type = 'submit']
Found Element By : By.xpath: //button[@type = 'submit']
Trying to click on: [[ChromeDriver: chrome on windows (c034d3a68c215872791b31abd5dd3055)] -> xpath: //button[@type = 'submit']]
Clicked on: [[ChromeDriver: chrome on windows (c034d3a68c215872791b31abd5dd3055)] -> xpath: //button[@type = 'submit']]
Money deposited to account
Trying to find Element By : By.xpath: //input[@placeholder='amount']
Found Element By : By.xpath: //input[@placeholder='amount']
Trying to find Element By : By.xpath: //input[@placeholder='amount']
Found Element By : By.xpath: //input[@placeholder='amount']
Trying to find Element By : By.xpath: //button[@type = 'submit']
Found Element By : By.xpath: //button[@type = 'submit']
Trying to click on: [[ChromeDriver: chrome on windows (c034d3a68c215872791b31abd5dd3055)] -> xpath: //button[@type = 'submit']]
Clicked on: [[ChromeDriver: chrome on windows (c034d3a68c215872791b31abd5dd3055)] -> xpath: //button[@type = 'submit']]
Money deposited to account
Trying to find Element By : By.xpath: //input[@placeholder='amount']
Found Element By : By.xpath: //input[@placeholder='amount']
Trying to find Element By : By.xpath: //input[@placeholder='amount']
Found Element By : By.xpath: //input[@placeholder='amount']
Trying to find Element By : By.xpath: //button[@type = 'submit']
Found Element By : By.xpath: //button[@type = 'submit']
Trying to click on: [[ChromeDriver: chrome on windows (c034d3a68c215872791b31abd5dd3055)] -> xpath: //button[@type = 'submit']]
Clicked on: [[ChromeDriver: chrome on windows (c034d3a68c215872791b31abd5dd3055)] -> xpath: //button[@type = 'submit']]
Money deposited to account
Amount Deposit to customer account
Trying to find Element By : By.xpath: //button[@ng-click='withdrawl()']
Found Element By : By.xpath: //button[@ng-click='withdrawl()']
Trying to find Element By : By.xpath: //button[@ng-click='withdrawl()']
Found Element By : By.xpath: //button[@ng-click='withdrawl()']
Trying to find Element By : By.xpath: //button[@ng-click='withdrawl()']
Found Element By : By.xpath: //button[@ng-click='withdrawl()']
Trying to click on: [[ChromeDriver: chrome on windows (c034d3a68c215872791b31abd5dd3055)] -> xpath: //button[@ng-click='withdrawl()']]
Clicked on: [[ChromeDriver: chrome on windows (c034d3a68c215872791b31abd5dd3055)] -> xpath: //button[@ng-click='withdrawl()']]
User selected Withdraw Button
Trying to find Element By : By.xpath: //input[@placeholder='amount']
Found Element By : By.xpath: //input[@placeholder='amount']
Trying to find Element By : By.xpath: //input[@placeholder='amount']
Found Element By : By.xpath: //input[@placeholder='amount']
Trying to find Element By : By.xpath: //button[normalize-space()='Withdraw']
Found Element By : By.xpath: //button[normalize-space()='Withdraw']
Trying to find Element By : By.xpath: //button[normalize-space()='Withdraw']
Found Element By : By.xpath: //button[normalize-space()='Withdraw']
Trying to find Element By : By.xpath: //button[normalize-space()='Withdraw']
Found Element By : By.xpath: //button[normalize-space()='Withdraw']
Trying to click on: [[ChromeDriver: chrome on windows (c034d3a68c215872791b31abd5dd3055)] -> xpath: //button[normalize-space()='Withdraw']]
Clicked on: [[ChromeDriver: chrome on windows (c034d3a68c215872791b31abd5dd3055)] -> xpath: //button[normalize-space()='Withdraw']]
Money Withdrawn from account
Trying to find Element By : By.xpath: //input[@placeholder='amount']
Found Element By : By.xpath: //input[@placeholder='amount']
Trying to find Element By : By.xpath: //input[@placeholder='amount']
Found Element By : By.xpath: //input[@placeholder='amount']
Trying to find Element By : By.xpath: //button[normalize-space()='Withdraw']
Found Element By : By.xpath: //button[normalize-space()='Withdraw']
Trying to find Element By : By.xpath: //button[normalize-space()='Withdraw']
Found Element By : By.xpath: //button[normalize-space()='Withdraw']
Trying to find Element By : By.xpath: //button[normalize-space()='Withdraw']
Found Element By : By.xpath: //button[normalize-space()='Withdraw']
Trying to click on: [[ChromeDriver: chrome on windows (c034d3a68c215872791b31abd5dd3055)] -> xpath: //button[normalize-space()='Withdraw']]
Clicked on: [[ChromeDriver: chrome on windows (c034d3a68c215872791b31abd5dd3055)] -> xpath: //button[normalize-space()='Withdraw']]
Money Withdrawn from account
Trying to find Element By : By.xpath: //input[@placeholder='amount']
Found Element By : By.xpath: //input[@placeholder='amount']
Trying to find Element By : By.xpath: //input[@placeholder='amount']
Found Element By : By.xpath: //input[@placeholder='amount']
Trying to find Element By : By.xpath: //button[normalize-space()='Withdraw']
Found Element By : By.xpath: //button[normalize-space()='Withdraw']
Trying to find Element By : By.xpath: //button[normalize-space()='Withdraw']
Found Element By : By.xpath: //button[normalize-space()='Withdraw']
Trying to find Element By : By.xpath: //button[normalize-space()='Withdraw']
Found Element By : By.xpath: //button[normalize-space()='Withdraw']
Trying to click on: [[ChromeDriver: chrome on windows (c034d3a68c215872791b31abd5dd3055)] -> xpath: //button[normalize-space()='Withdraw']]
Clicked on: [[ChromeDriver: chrome on windows (c034d3a68c215872791b31abd5dd3055)] -> xpath: //button[normalize-space()='Withdraw']]
Money Withdrawn from account
Trying to find Element By : By.xpath: //input[@placeholder='amount']
Found Element By : By.xpath: //input[@placeholder='amount']
Trying to find Element By : By.xpath: //input[@placeholder='amount']
Found Element By : By.xpath: //input[@placeholder='amount']
Trying to find Element By : By.xpath: //button[normalize-space()='Withdraw']
Found Element By : By.xpath: //button[normalize-space()='Withdraw']
Trying to find Element By : By.xpath: //button[normalize-space()='Withdraw']
Found Element By : By.xpath: //button[normalize-space()='Withdraw']
Trying to find Element By : By.xpath: //button[normalize-space()='Withdraw']
Found Element By : By.xpath: //button[normalize-space()='Withdraw']
Trying to click on: [[ChromeDriver: chrome on windows (c034d3a68c215872791b31abd5dd3055)] -> xpath: //button[normalize-space()='Withdraw']]
Clicked on: [[ChromeDriver: chrome on windows (c034d3a68c215872791b31abd5dd3055)] -> xpath: //button[normalize-space()='Withdraw']]
Money Withdrawn from account
Trying to find Element By : By.xpath: //input[@placeholder='amount']
Found Element By : By.xpath: //input[@placeholder='amount']
Trying to find Element By : By.xpath: //input[@placeholder='amount']
Found Element By : By.xpath: //input[@placeholder='amount']
Trying to find Element By : By.xpath: //button[normalize-space()='Withdraw']
Found Element By : By.xpath: //button[normalize-space()='Withdraw']
Trying to find Element By : By.xpath: //button[normalize-space()='Withdraw']
Found Element By : By.xpath: //button[normalize-space()='Withdraw']
Trying to find Element By : By.xpath: //button[normalize-space()='Withdraw']
Found Element By : By.xpath: //button[normalize-space()='Withdraw']
Trying to click on: [[ChromeDriver: chrome on windows (c034d3a68c215872791b31abd5dd3055)] -> xpath: //button[normalize-space()='Withdraw']]
Clicked on: [[ChromeDriver: chrome on windows (c034d3a68c215872791b31abd5dd3055)] -> xpath: //button[normalize-space()='Withdraw']]
Money Withdrawn from account
Trying to find Element By : By.xpath: //strong[normalize-space()='1016']
Found Element By : By.xpath: //strong[normalize-space()='1016']
Trying to find Element By : By.xpath: //strong[normalize-space()='1016']
Found Element By : By.xpath: //strong[normalize-space()='1016']
Trying to find Element By : By.xpath: //strong[normalize-space()='0']
Found Element By : By.xpath: //strong[normalize-space()='0']
Trying to find Element By : By.xpath: //strong[normalize-space()='0']
Found Element By : By.xpath: //strong[normalize-space()='0']
Amount Withdraw from customer account
]]></system-out>
    <system-err><![CDATA[Mar 08, 2024 10:45:10 AM org.openqa.selenium.devtools.CdpVersionFinder findNearestMatch
WARNING: Unable to find an exact match for CDP version 122, returning the closest version; found: 119; Please update to a Selenium version that supports CDP version 122
]]></system-err>
  </testcase>
  <testcase name="DepositCustomerTest" classname="com.crm.qa.testcases.Customer_Deposit_test" time="6.21">
    <system-out><![CDATA[Before navigating to: 'https://www.globalsqa.com/angularJs-protractor/BankingProject/#/login'
Navigated to:'https://www.globalsqa.com/angularJs-protractor/BankingProject/#/login'
Trying to find Element By : By.xpath: //button[@ng-click='manager()']
Found Element By : By.xpath: //button[@ng-click='manager()']
Trying to click on: [[ChromeDriver: chrome on windows (7e7106cc651f62ec49cf1adbab271669)] -> xpath: //button[@ng-click='manager()']]
Clicked on: [[ChromeDriver: chrome on windows (7e7106cc651f62ec49cf1adbab271669)] -> xpath: //button[@ng-click='manager()']]
Trying to find Element By : By.xpath: //button[@ng-class='btnClass1']
Found Element By : By.xpath: //button[@ng-class='btnClass1']
Trying to find Element By : By.xpath: //button[@ng-class='btnClass1']
Found Element By : By.xpath: //button[@ng-class='btnClass1']
Trying to find Element By : By.xpath: //button[@ng-class='btnClass1']
Found Element By : By.xpath: //button[@ng-class='btnClass1']
Trying to click on: [[ChromeDriver: chrome on windows (7e7106cc651f62ec49cf1adbab271669)] -> xpath: //button[@ng-class='btnClass1']]
Clicked on: [[ChromeDriver: chrome on windows (7e7106cc651f62ec49cf1adbab271669)] -> xpath: //button[@ng-class='btnClass1']]
Trying to find Element By : By.xpath: //input[@ng-model='fName']
Found Element By : By.xpath: //input[@ng-model='fName']
Trying to find Element By : By.xpath: //input[@ng-model='lName']
Found Element By : By.xpath: //input[@ng-model='lName']
Trying to find Element By : By.xpath: //input[@ng-model='postCd']
Found Element By : By.xpath: //input[@ng-model='postCd']
Trying to find Element By : By.xpath: //button[@type = 'submit']
Found Element By : By.xpath: //button[@type = 'submit']
Trying to click on: [[ChromeDriver: chrome on windows (7e7106cc651f62ec49cf1adbab271669)] -> xpath: //button[@type = 'submit']]
Clicked on: [[ChromeDriver: chrome on windows (7e7106cc651f62ec49cf1adbab271669)] -> xpath: //button[@type = 'submit']]
Customer Added By Bank manager successfully
Trying to find Element By : By.xpath: //button[@ng-click ='openAccount()']
Found Element By : By.xpath: //button[@ng-click ='openAccount()']
Trying to find Element By : By.xpath: //button[@ng-click ='openAccount()']
Found Element By : By.xpath: //button[@ng-click ='openAccount()']
Trying to click on: [[ChromeDriver: chrome on windows (7e7106cc651f62ec49cf1adbab271669)] -> xpath: //button[@ng-click ='openAccount()']]
Clicked on: [[ChromeDriver: chrome on windows (7e7106cc651f62ec49cf1adbab271669)] -> xpath: //button[@ng-click ='openAccount()']]
User clicked on Open Account
Trying to find Element By : By.id: userSelect
Found Element By : By.id: userSelect
Trying to find Element By : By.id: userSelect
Found Element By : By.id: userSelect
Trying to click on: [[ChromeDriver: chrome on windows (7e7106cc651f62ec49cf1adbab271669)] -> id: userSelect]
Clicked on: [[ChromeDriver: chrome on windows (7e7106cc651f62ec49cf1adbab271669)] -> id: userSelect]
User clicked on Name Dropdown
Trying to find Element By : By.xpath: //option[text() = 'Ashwin Ramteke']
Found Element By : By.xpath: //option[text() = 'Ashwin Ramteke']
Trying to find Element By : By.xpath: //option[text() = 'Ashwin Ramteke']
Found Element By : By.xpath: //option[text() = 'Ashwin Ramteke']
Trying to click on: [[ChromeDriver: chrome on windows (7e7106cc651f62ec49cf1adbab271669)] -> xpath: //option[text() = 'Ashwin Ramteke']]
Clicked on: [[ChromeDriver: chrome on windows (7e7106cc651f62ec49cf1adbab271669)] -> xpath: //option[text() = 'Ashwin Ramteke']]
User selected name Ashwin Ramteke
Trying to find Element By : By.xpath: //select[@ng-model = 'currency']
Found Element By : By.xpath: //select[@ng-model = 'currency']
Trying to find Element By : By.xpath: //select[@ng-model = 'currency']
Found Element By : By.xpath: //select[@ng-model = 'currency']
Trying to click on: [[ChromeDriver: chrome on windows (7e7106cc651f62ec49cf1adbab271669)] -> xpath: //select[@ng-model = 'currency']]
Clicked on: [[ChromeDriver: chrome on windows (7e7106cc651f62ec49cf1adbab271669)] -> xpath: //select[@ng-model = 'currency']]
User clicked on Currency Dropdown
Trying to find Element By : By.xpath: //option[text() = 'Rupee']
Found Element By : By.xpath: //option[text() = 'Rupee']
Trying to find Element By : By.xpath: //option[text() = 'Rupee']
Found Element By : By.xpath: //option[text() = 'Rupee']
Trying to click on: [[ChromeDriver: chrome on windows (7e7106cc651f62ec49cf1adbab271669)] -> xpath: //option[text() = 'Rupee']]
Clicked on: [[ChromeDriver: chrome on windows (7e7106cc651f62ec49cf1adbab271669)] -> xpath: //option[text() = 'Rupee']]
User selected currency Rupee
Trying to find Element By : By.xpath: //button[@type='submit']
Found Element By : By.xpath: //button[@type='submit']
Trying to find Element By : By.xpath: //button[@type='submit']
Found Element By : By.xpath: //button[@type='submit']
Trying to click on: [[ChromeDriver: chrome on windows (7e7106cc651f62ec49cf1adbab271669)] -> xpath: //button[@type='submit']]
Clicked on: [[ChromeDriver: chrome on windows (7e7106cc651f62ec49cf1adbab271669)] -> xpath: //button[@type='submit']]
Account Opened for Ashwin Ramteke
Account Opened By Bank manager successfully
Trying to find Element By : By.id: userSelect
Found Element By : By.id: userSelect
Trying to find Element By : By.id: userSelect
Found Element By : By.id: userSelect
Trying to click on: [[ChromeDriver: chrome on windows (7e7106cc651f62ec49cf1adbab271669)] -> id: userSelect]
Clicked on: [[ChromeDriver: chrome on windows (7e7106cc651f62ec49cf1adbab271669)] -> id: userSelect]
User clicked on Name Dropdown
Trying to find Element By : By.xpath: //select[@ng-model = 'currency']
Found Element By : By.xpath: //select[@ng-model = 'currency']
Trying to find Element By : By.xpath: //select[@ng-model = 'currency']
Found Element By : By.xpath: //select[@ng-model = 'currency']
Trying to click on: [[ChromeDriver: chrome on windows (7e7106cc651f62ec49cf1adbab271669)] -> xpath: //select[@ng-model = 'currency']]
Clicked on: [[ChromeDriver: chrome on windows (7e7106cc651f62ec49cf1adbab271669)] -> xpath: //select[@ng-model = 'currency']]
User clicked on Currency Dropdown
Trying to find Element By : By.xpath: //button[@type='submit']
Found Element By : By.xpath: //button[@type='submit']
Trying to find Element By : By.xpath: //button[@type='submit']
Found Element By : By.xpath: //button[@type='submit']
Trying to click on: [[ChromeDriver: chrome on windows (7e7106cc651f62ec49cf1adbab271669)] -> xpath: //button[@type='submit']]
Clicked on: [[ChromeDriver: chrome on windows (7e7106cc651f62ec49cf1adbab271669)] -> xpath: //button[@type='submit']]
Account Opened for Ashwin Ramteke
Trying to find Element By : By.xpath: //select[@ng-model = 'custId']
Found Element By : By.xpath: //select[@ng-model = 'custId']
Trying to find Element By : By.xpath: //select[@ng-model = 'custId']
Found Element By : By.xpath: //select[@ng-model = 'custId']
Error will come as Please select item in list
Error - Please select an item in the list
Trying to find Element By : By.xpath: //button[@ng-click ='showCust()']
Found Element By : By.xpath: //button[@ng-click ='showCust()']
Trying to find Element By : By.xpath: //button[@ng-click ='showCust()']
Found Element By : By.xpath: //button[@ng-click ='showCust()']
Trying to click on: [[ChromeDriver: chrome on windows (7e7106cc651f62ec49cf1adbab271669)] -> xpath: //button[@ng-click ='showCust()']]
Clicked on: [[ChromeDriver: chrome on windows (7e7106cc651f62ec49cf1adbab271669)] -> xpath: //button[@ng-click ='showCust()']]
User clicked on Customer button
Trying to find Element By : By.xpath: //div[@class='marTop ng-scope']
Found Element By : By.xpath: //div[@class='marTop ng-scope']
Trying to find Element By : By.xpath: //div[@class='marTop ng-scope']
Found Element By : By.xpath: //div[@class='marTop ng-scope']
User able to see details of existing customers
Trying to find Element By : By.xpath: //input[@ng-model='searchCustomer']
Found Element By : By.xpath: //input[@ng-model='searchCustomer']
Trying to find Element By : By.xpath: //input[@ng-model='searchCustomer']
Found Element By : By.xpath: //input[@ng-model='searchCustomer']
Trying to click on: [[ChromeDriver: chrome on windows (7e7106cc651f62ec49cf1adbab271669)] -> xpath: //input[@ng-model='searchCustomer']]
Clicked on: [[ChromeDriver: chrome on windows (7e7106cc651f62ec49cf1adbab271669)] -> xpath: //input[@ng-model='searchCustomer']]
Trying to find Element By : By.xpath: //input[@ng-model='searchCustomer']
Found Element By : By.xpath: //input[@ng-model='searchCustomer']
User searched for name Hermoine
Trying to find Element By : By.xpath: //button[@ng-click='deleteCust(cust)']
Found Element By : By.xpath: //button[@ng-click='deleteCust(cust)']
Trying to find Element By : By.xpath: //button[@ng-click='deleteCust(cust)']
Found Element By : By.xpath: //button[@ng-click='deleteCust(cust)']
Trying to click on: [[ChromeDriver: chrome on windows (7e7106cc651f62ec49cf1adbab271669)] -> xpath: //button[@ng-click='deleteCust(cust)']]
Clicked on: [[ChromeDriver: chrome on windows (7e7106cc651f62ec49cf1adbab271669)] -> xpath: //button[@ng-click='deleteCust(cust)']]
Customer Hermoine Granger is deleted from the customer list
Trying to find Element By : By.xpath: //button[@ng-click='home()']
Found Element By : By.xpath: //button[@ng-click='home()']
Trying to find Element By : By.xpath: //button[@ng-click='home()']
Found Element By : By.xpath: //button[@ng-click='home()']
Trying to click on: [[ChromeDriver: chrome on windows (7e7106cc651f62ec49cf1adbab271669)] -> xpath: //button[@ng-click='home()']]
Clicked on: [[ChromeDriver: chrome on windows (7e7106cc651f62ec49cf1adbab271669)] -> xpath: //button[@ng-click='home()']]
User Clicked on Home Button
Customer search Deleted from list
Trying to find Element By : By.xpath: //button[@ng-click='customer()']
Found Element By : By.xpath: //button[@ng-click='customer()']
Trying to click on: [[ChromeDriver: chrome on windows (7e7106cc651f62ec49cf1adbab271669)] -> xpath: //button[@ng-click='customer()']]
Clicked on: [[ChromeDriver: chrome on windows (7e7106cc651f62ec49cf1adbab271669)] -> xpath: //button[@ng-click='customer()']]
User clicked on Customer Button
Trying to find Element By : By.xpath: //select[@ng-model='custId']
Found Element By : By.xpath: //select[@ng-model='custId']
Trying to find Element By : By.xpath: //select[@ng-model='custId']
Found Element By : By.xpath: //select[@ng-model='custId']
Trying to click on: [[ChromeDriver: chrome on windows (7e7106cc651f62ec49cf1adbab271669)] -> xpath: //select[@ng-model='custId']]
Clicked on: [[ChromeDriver: chrome on windows (7e7106cc651f62ec49cf1adbab271669)] -> xpath: //select[@ng-model='custId']]
User clicked on Your Name Dropdown
Trying to find Element By : By.xpath: //option[text() = 'Ashwin Ramteke']
Found Element By : By.xpath: //option[text() = 'Ashwin Ramteke']
Trying to find Element By : By.xpath: //option[text() = 'Ashwin Ramteke']
Found Element By : By.xpath: //option[text() = 'Ashwin Ramteke']
Trying to click on: [[ChromeDriver: chrome on windows (7e7106cc651f62ec49cf1adbab271669)] -> xpath: //option[text() = 'Ashwin Ramteke']]
Clicked on: [[ChromeDriver: chrome on windows (7e7106cc651f62ec49cf1adbab271669)] -> xpath: //option[text() = 'Ashwin Ramteke']]
User selected name Ashwin Ramteke
Trying to find Element By : By.xpath: //button[@type = 'submit']
Found Element By : By.xpath: //button[@type = 'submit']
Trying to click on: [[ChromeDriver: chrome on windows (7e7106cc651f62ec49cf1adbab271669)] -> xpath: //button[@type = 'submit']]
Clicked on: [[ChromeDriver: chrome on windows (7e7106cc651f62ec49cf1adbab271669)] -> xpath: //button[@type = 'submit']]
User clicked Login Button
Trying to find Element By : By.xpath: //button[@ng-click='deposit()']
Found Element By : By.xpath: //button[@ng-click='deposit()']
Trying to find Element By : By.xpath: //button[@ng-click='deposit()']
Found Element By : By.xpath: //button[@ng-click='deposit()']
Trying to click on: [[ChromeDriver: chrome on windows (7e7106cc651f62ec49cf1adbab271669)] -> xpath: //button[@ng-click='deposit()']]
Clicked on: [[ChromeDriver: chrome on windows (7e7106cc651f62ec49cf1adbab271669)] -> xpath: //button[@ng-click='deposit()']]
User selected  Deposit Button
Trying to find Element By : By.xpath: //input[@placeholder='amount']
Found Element By : By.xpath: //input[@placeholder='amount']
Trying to find Element By : By.xpath: //input[@placeholder='amount']
Found Element By : By.xpath: //input[@placeholder='amount']
Trying to find Element By : By.xpath: //button[@type = 'submit']
Found Element By : By.xpath: //button[@type = 'submit']
Trying to click on: [[ChromeDriver: chrome on windows (7e7106cc651f62ec49cf1adbab271669)] -> xpath: //button[@type = 'submit']]
Clicked on: [[ChromeDriver: chrome on windows (7e7106cc651f62ec49cf1adbab271669)] -> xpath: //button[@type = 'submit']]
Money deposited to account
Trying to find Element By : By.xpath: //input[@placeholder='amount']
Found Element By : By.xpath: //input[@placeholder='amount']
Trying to find Element By : By.xpath: //input[@placeholder='amount']
Found Element By : By.xpath: //input[@placeholder='amount']
Trying to find Element By : By.xpath: //button[@type = 'submit']
Found Element By : By.xpath: //button[@type = 'submit']
Trying to click on: [[ChromeDriver: chrome on windows (7e7106cc651f62ec49cf1adbab271669)] -> xpath: //button[@type = 'submit']]
Clicked on: [[ChromeDriver: chrome on windows (7e7106cc651f62ec49cf1adbab271669)] -> xpath: //button[@type = 'submit']]
Money deposited to account
Trying to find Element By : By.xpath: //input[@placeholder='amount']
Found Element By : By.xpath: //input[@placeholder='amount']
Trying to find Element By : By.xpath: //input[@placeholder='amount']
Found Element By : By.xpath: //input[@placeholder='amount']
Trying to find Element By : By.xpath: //button[@type = 'submit']
Found Element By : By.xpath: //button[@type = 'submit']
Trying to click on: [[ChromeDriver: chrome on windows (7e7106cc651f62ec49cf1adbab271669)] -> xpath: //button[@type = 'submit']]
Clicked on: [[ChromeDriver: chrome on windows (7e7106cc651f62ec49cf1adbab271669)] -> xpath: //button[@type = 'submit']]
Money deposited to account
Trying to find Element By : By.xpath: //input[@placeholder='amount']
Found Element By : By.xpath: //input[@placeholder='amount']
Trying to find Element By : By.xpath: //input[@placeholder='amount']
Found Element By : By.xpath: //input[@placeholder='amount']
Trying to find Element By : By.xpath: //button[@type = 'submit']
Found Element By : By.xpath: //button[@type = 'submit']
Trying to click on: [[ChromeDriver: chrome on windows (7e7106cc651f62ec49cf1adbab271669)] -> xpath: //button[@type = 'submit']]
Clicked on: [[ChromeDriver: chrome on windows (7e7106cc651f62ec49cf1adbab271669)] -> xpath: //button[@type = 'submit']]
Money deposited to account
Amount Deposit to customer account
]]></system-out>
    <system-err><![CDATA[Mar 08, 2024 10:45:21 AM org.openqa.selenium.devtools.CdpVersionFinder findNearestMatch
WARNING: Unable to find an exact match for CDP version 122, returning the closest version; found: 119; Please update to a Selenium version that supports CDP version 122
]]></system-err>
  </testcase>
  <testcase name="OpenAccountCustomerTest" classname="com.crm.qa.testcases.Manager_Customers_test" time="4.79">
    <system-out><![CDATA[Before navigating to: 'https://www.globalsqa.com/angularJs-protractor/BankingProject/#/login'
Navigated to:'https://www.globalsqa.com/angularJs-protractor/BankingProject/#/login'
Trying to find Element By : By.xpath: //button[@ng-click='manager()']
Found Element By : By.xpath: //button[@ng-click='manager()']
Trying to click on: [[ChromeDriver: chrome on windows (66e7bd2de2e5999ba28a8dc3be560c59)] -> xpath: //button[@ng-click='manager()']]
Clicked on: [[ChromeDriver: chrome on windows (66e7bd2de2e5999ba28a8dc3be560c59)] -> xpath: //button[@ng-click='manager()']]
Trying to find Element By : By.xpath: //button[@ng-class='btnClass1']
Found Element By : By.xpath: //button[@ng-class='btnClass1']
Trying to find Element By : By.xpath: //button[@ng-class='btnClass1']
Found Element By : By.xpath: //button[@ng-class='btnClass1']
Trying to find Element By : By.xpath: //button[@ng-class='btnClass1']
Found Element By : By.xpath: //button[@ng-class='btnClass1']
Trying to click on: [[ChromeDriver: chrome on windows (66e7bd2de2e5999ba28a8dc3be560c59)] -> xpath: //button[@ng-class='btnClass1']]
Clicked on: [[ChromeDriver: chrome on windows (66e7bd2de2e5999ba28a8dc3be560c59)] -> xpath: //button[@ng-class='btnClass1']]
Trying to find Element By : By.xpath: //input[@ng-model='fName']
Found Element By : By.xpath: //input[@ng-model='fName']
Trying to find Element By : By.xpath: //input[@ng-model='lName']
Found Element By : By.xpath: //input[@ng-model='lName']
Trying to find Element By : By.xpath: //input[@ng-model='postCd']
Found Element By : By.xpath: //input[@ng-model='postCd']
Trying to find Element By : By.xpath: //button[@type = 'submit']
Found Element By : By.xpath: //button[@type = 'submit']
Trying to click on: [[ChromeDriver: chrome on windows (66e7bd2de2e5999ba28a8dc3be560c59)] -> xpath: //button[@type = 'submit']]
Clicked on: [[ChromeDriver: chrome on windows (66e7bd2de2e5999ba28a8dc3be560c59)] -> xpath: //button[@type = 'submit']]
Customer Added By Bank manager successfully
Trying to find Element By : By.xpath: //button[@ng-click ='openAccount()']
Found Element By : By.xpath: //button[@ng-click ='openAccount()']
Trying to find Element By : By.xpath: //button[@ng-click ='openAccount()']
Found Element By : By.xpath: //button[@ng-click ='openAccount()']
Trying to click on: [[ChromeDriver: chrome on windows (66e7bd2de2e5999ba28a8dc3be560c59)] -> xpath: //button[@ng-click ='openAccount()']]
Clicked on: [[ChromeDriver: chrome on windows (66e7bd2de2e5999ba28a8dc3be560c59)] -> xpath: //button[@ng-click ='openAccount()']]
User clicked on Open Account
Trying to find Element By : By.id: userSelect
Found Element By : By.id: userSelect
Trying to find Element By : By.id: userSelect
Found Element By : By.id: userSelect
Trying to click on: [[ChromeDriver: chrome on windows (66e7bd2de2e5999ba28a8dc3be560c59)] -> id: userSelect]
Clicked on: [[ChromeDriver: chrome on windows (66e7bd2de2e5999ba28a8dc3be560c59)] -> id: userSelect]
User clicked on Name Dropdown
Trying to find Element By : By.xpath: //option[text() = 'Ashwin Ramteke']
Found Element By : By.xpath: //option[text() = 'Ashwin Ramteke']
Trying to find Element By : By.xpath: //option[text() = 'Ashwin Ramteke']
Found Element By : By.xpath: //option[text() = 'Ashwin Ramteke']
Trying to click on: [[ChromeDriver: chrome on windows (66e7bd2de2e5999ba28a8dc3be560c59)] -> xpath: //option[text() = 'Ashwin Ramteke']]
Clicked on: [[ChromeDriver: chrome on windows (66e7bd2de2e5999ba28a8dc3be560c59)] -> xpath: //option[text() = 'Ashwin Ramteke']]
User selected name Ashwin Ramteke
Trying to find Element By : By.xpath: //select[@ng-model = 'currency']
Found Element By : By.xpath: //select[@ng-model = 'currency']
Trying to find Element By : By.xpath: //select[@ng-model = 'currency']
Found Element By : By.xpath: //select[@ng-model = 'currency']
Trying to click on: [[ChromeDriver: chrome on windows (66e7bd2de2e5999ba28a8dc3be560c59)] -> xpath: //select[@ng-model = 'currency']]
Clicked on: [[ChromeDriver: chrome on windows (66e7bd2de2e5999ba28a8dc3be560c59)] -> xpath: //select[@ng-model = 'currency']]
User clicked on Currency Dropdown
Trying to find Element By : By.xpath: //option[text() = 'Rupee']
Found Element By : By.xpath: //option[text() = 'Rupee']
Trying to find Element By : By.xpath: //option[text() = 'Rupee']
Found Element By : By.xpath: //option[text() = 'Rupee']
Trying to click on: [[ChromeDriver: chrome on windows (66e7bd2de2e5999ba28a8dc3be560c59)] -> xpath: //option[text() = 'Rupee']]
Clicked on: [[ChromeDriver: chrome on windows (66e7bd2de2e5999ba28a8dc3be560c59)] -> xpath: //option[text() = 'Rupee']]
User selected currency Rupee
Trying to find Element By : By.xpath: //button[@type='submit']
Found Element By : By.xpath: //button[@type='submit']
Trying to find Element By : By.xpath: //button[@type='submit']
Found Element By : By.xpath: //button[@type='submit']
Trying to click on: [[ChromeDriver: chrome on windows (66e7bd2de2e5999ba28a8dc3be560c59)] -> xpath: //button[@type='submit']]
Clicked on: [[ChromeDriver: chrome on windows (66e7bd2de2e5999ba28a8dc3be560c59)] -> xpath: //button[@type='submit']]
Account Opened for Ashwin Ramteke
Account Opened By Bank manager successfully
Trying to find Element By : By.id: userSelect
Found Element By : By.id: userSelect
Trying to find Element By : By.id: userSelect
Found Element By : By.id: userSelect
Trying to click on: [[ChromeDriver: chrome on windows (66e7bd2de2e5999ba28a8dc3be560c59)] -> id: userSelect]
Clicked on: [[ChromeDriver: chrome on windows (66e7bd2de2e5999ba28a8dc3be560c59)] -> id: userSelect]
User clicked on Name Dropdown
Trying to find Element By : By.xpath: //select[@ng-model = 'currency']
Found Element By : By.xpath: //select[@ng-model = 'currency']
Trying to find Element By : By.xpath: //select[@ng-model = 'currency']
Found Element By : By.xpath: //select[@ng-model = 'currency']
Trying to click on: [[ChromeDriver: chrome on windows (66e7bd2de2e5999ba28a8dc3be560c59)] -> xpath: //select[@ng-model = 'currency']]
Clicked on: [[ChromeDriver: chrome on windows (66e7bd2de2e5999ba28a8dc3be560c59)] -> xpath: //select[@ng-model = 'currency']]
User clicked on Currency Dropdown
Trying to find Element By : By.xpath: //button[@type='submit']
Found Element By : By.xpath: //button[@type='submit']
Trying to find Element By : By.xpath: //button[@type='submit']
Found Element By : By.xpath: //button[@type='submit']
Trying to click on: [[ChromeDriver: chrome on windows (66e7bd2de2e5999ba28a8dc3be560c59)] -> xpath: //button[@type='submit']]
Clicked on: [[ChromeDriver: chrome on windows (66e7bd2de2e5999ba28a8dc3be560c59)] -> xpath: //button[@type='submit']]
Account Opened for Ashwin Ramteke
Trying to find Element By : By.xpath: //select[@ng-model = 'custId']
Found Element By : By.xpath: //select[@ng-model = 'custId']
Trying to find Element By : By.xpath: //select[@ng-model = 'custId']
Found Element By : By.xpath: //select[@ng-model = 'custId']
Error will come as Please select item in list
Error - Please select an item in the list
Trying to find Element By : By.xpath: //button[@ng-click ='showCust()']
Found Element By : By.xpath: //button[@ng-click ='showCust()']
Trying to find Element By : By.xpath: //button[@ng-click ='showCust()']
Found Element By : By.xpath: //button[@ng-click ='showCust()']
Trying to click on: [[ChromeDriver: chrome on windows (66e7bd2de2e5999ba28a8dc3be560c59)] -> xpath: //button[@ng-click ='showCust()']]
Clicked on: [[ChromeDriver: chrome on windows (66e7bd2de2e5999ba28a8dc3be560c59)] -> xpath: //button[@ng-click ='showCust()']]
User clicked on Customer button
Trying to find Element By : By.xpath: //div[@class='marTop ng-scope']
Found Element By : By.xpath: //div[@class='marTop ng-scope']
Trying to find Element By : By.xpath: //div[@class='marTop ng-scope']
Found Element By : By.xpath: //div[@class='marTop ng-scope']
User able to see details of existing customers
Trying to find Element By : By.xpath: //input[@ng-model='searchCustomer']
Found Element By : By.xpath: //input[@ng-model='searchCustomer']
Trying to find Element By : By.xpath: //input[@ng-model='searchCustomer']
Found Element By : By.xpath: //input[@ng-model='searchCustomer']
Trying to click on: [[ChromeDriver: chrome on windows (66e7bd2de2e5999ba28a8dc3be560c59)] -> xpath: //input[@ng-model='searchCustomer']]
Clicked on: [[ChromeDriver: chrome on windows (66e7bd2de2e5999ba28a8dc3be560c59)] -> xpath: //input[@ng-model='searchCustomer']]
Trying to find Element By : By.xpath: //input[@ng-model='searchCustomer']
Found Element By : By.xpath: //input[@ng-model='searchCustomer']
User searched for name Hermoine
Trying to find Element By : By.xpath: //button[@ng-click='deleteCust(cust)']
Found Element By : By.xpath: //button[@ng-click='deleteCust(cust)']
Trying to find Element By : By.xpath: //button[@ng-click='deleteCust(cust)']
Found Element By : By.xpath: //button[@ng-click='deleteCust(cust)']
Trying to click on: [[ChromeDriver: chrome on windows (66e7bd2de2e5999ba28a8dc3be560c59)] -> xpath: //button[@ng-click='deleteCust(cust)']]
Clicked on: [[ChromeDriver: chrome on windows (66e7bd2de2e5999ba28a8dc3be560c59)] -> xpath: //button[@ng-click='deleteCust(cust)']]
Customer Hermoine Granger is deleted from the customer list
Trying to find Element By : By.xpath: //button[@ng-click='home()']
Found Element By : By.xpath: //button[@ng-click='home()']
Trying to find Element By : By.xpath: //button[@ng-click='home()']
Found Element By : By.xpath: //button[@ng-click='home()']
Trying to click on: [[ChromeDriver: chrome on windows (66e7bd2de2e5999ba28a8dc3be560c59)] -> xpath: //button[@ng-click='home()']]
Clicked on: [[ChromeDriver: chrome on windows (66e7bd2de2e5999ba28a8dc3be560c59)] -> xpath: //button[@ng-click='home()']]
User Clicked on Home Button
Customer Ashwin Deleted from list
]]></system-out>
    <system-err><![CDATA[Mar 08, 2024 10:45:29 AM org.openqa.selenium.devtools.CdpVersionFinder findNearestMatch
WARNING: Unable to find an exact match for CDP version 122, returning the closest version; found: 119; Please update to a Selenium version that supports CDP version 122
]]></system-err>
  </testcase>
  <testcase name="verifyAddCustomerFunctionality" classname="com.crm.qa.testcases.Manager_AddCustomer_test" time="1.769">
    <system-out><![CDATA[Before navigating to: 'https://www.globalsqa.com/angularJs-protractor/BankingProject/#/login'
Navigated to:'https://www.globalsqa.com/angularJs-protractor/BankingProject/#/login'
Trying to find Element By : By.xpath: //button[@ng-click='manager()']
Found Element By : By.xpath: //button[@ng-click='manager()']
Trying to click on: [[ChromeDriver: chrome on windows (a109ce2e3cce4cf4d238f662d04c5e27)] -> xpath: //button[@ng-click='manager()']]
Clicked on: [[ChromeDriver: chrome on windows (a109ce2e3cce4cf4d238f662d04c5e27)] -> xpath: //button[@ng-click='manager()']]
Trying to find Element By : By.xpath: //button[@ng-class='btnClass1']
Found Element By : By.xpath: //button[@ng-class='btnClass1']
Trying to find Element By : By.xpath: //button[@ng-class='btnClass1']
Found Element By : By.xpath: //button[@ng-class='btnClass1']
Trying to find Element By : By.xpath: //button[@ng-class='btnClass1']
Found Element By : By.xpath: //button[@ng-class='btnClass1']
Trying to click on: [[ChromeDriver: chrome on windows (a109ce2e3cce4cf4d238f662d04c5e27)] -> xpath: //button[@ng-class='btnClass1']]
Clicked on: [[ChromeDriver: chrome on windows (a109ce2e3cce4cf4d238f662d04c5e27)] -> xpath: //button[@ng-class='btnClass1']]
Trying to find Element By : By.xpath: //input[@ng-model='fName']
Found Element By : By.xpath: //input[@ng-model='fName']
Trying to find Element By : By.xpath: //input[@ng-model='lName']
Found Element By : By.xpath: //input[@ng-model='lName']
Trying to find Element By : By.xpath: //input[@ng-model='postCd']
Found Element By : By.xpath: //input[@ng-model='postCd']
Trying to find Element By : By.xpath: //button[@type = 'submit']
Found Element By : By.xpath: //button[@type = 'submit']
Trying to click on: [[ChromeDriver: chrome on windows (a109ce2e3cce4cf4d238f662d04c5e27)] -> xpath: //button[@type = 'submit']]
Clicked on: [[ChromeDriver: chrome on windows (a109ce2e3cce4cf4d238f662d04c5e27)] -> xpath: //button[@type = 'submit']]
]]></system-out>
    <system-err><![CDATA[Mar 08, 2024 10:45:36 AM org.openqa.selenium.devtools.CdpVersionFinder findNearestMatch
WARNING: Unable to find an exact match for CDP version 122, returning the closest version; found: 119; Please update to a Selenium version that supports CDP version 122
]]></system-err>
  </testcase>
  <testcase name="OpenAccountCustomerTest" classname="com.crm.qa.testcases.Manager_OpenAccount_test" time="4.589">
    <system-out><![CDATA[Before navigating to: 'https://www.globalsqa.com/angularJs-protractor/BankingProject/#/login'
Navigated to:'https://www.globalsqa.com/angularJs-protractor/BankingProject/#/login'
Trying to find Element By : By.xpath: //button[@ng-click='manager()']
Found Element By : By.xpath: //button[@ng-click='manager()']
Trying to click on: [[ChromeDriver: chrome on windows (fb85c002f7fe64d3b5d24781464afe04)] -> xpath: //button[@ng-click='manager()']]
Clicked on: [[ChromeDriver: chrome on windows (fb85c002f7fe64d3b5d24781464afe04)] -> xpath: //button[@ng-click='manager()']]
Trying to find Element By : By.xpath: //button[@ng-class='btnClass1']
Found Element By : By.xpath: //button[@ng-class='btnClass1']
Trying to find Element By : By.xpath: //button[@ng-class='btnClass1']
Found Element By : By.xpath: //button[@ng-class='btnClass1']
Trying to find Element By : By.xpath: //button[@ng-class='btnClass1']
Found Element By : By.xpath: //button[@ng-class='btnClass1']
Trying to click on: [[ChromeDriver: chrome on windows (fb85c002f7fe64d3b5d24781464afe04)] -> xpath: //button[@ng-class='btnClass1']]
Clicked on: [[ChromeDriver: chrome on windows (fb85c002f7fe64d3b5d24781464afe04)] -> xpath: //button[@ng-class='btnClass1']]
Trying to find Element By : By.xpath: //input[@ng-model='fName']
Found Element By : By.xpath: //input[@ng-model='fName']
Trying to find Element By : By.xpath: //input[@ng-model='lName']
Found Element By : By.xpath: //input[@ng-model='lName']
Trying to find Element By : By.xpath: //input[@ng-model='postCd']
Found Element By : By.xpath: //input[@ng-model='postCd']
Trying to find Element By : By.xpath: //button[@type = 'submit']
Found Element By : By.xpath: //button[@type = 'submit']
Trying to click on: [[ChromeDriver: chrome on windows (fb85c002f7fe64d3b5d24781464afe04)] -> xpath: //button[@type = 'submit']]
Clicked on: [[ChromeDriver: chrome on windows (fb85c002f7fe64d3b5d24781464afe04)] -> xpath: //button[@type = 'submit']]
Customer Added By Bank manager successfully
Trying to find Element By : By.xpath: //button[@ng-click ='openAccount()']
Found Element By : By.xpath: //button[@ng-click ='openAccount()']
Trying to find Element By : By.xpath: //button[@ng-click ='openAccount()']
Found Element By : By.xpath: //button[@ng-click ='openAccount()']
Trying to click on: [[ChromeDriver: chrome on windows (fb85c002f7fe64d3b5d24781464afe04)] -> xpath: //button[@ng-click ='openAccount()']]
Clicked on: [[ChromeDriver: chrome on windows (fb85c002f7fe64d3b5d24781464afe04)] -> xpath: //button[@ng-click ='openAccount()']]
User clicked on Open Account
Trying to find Element By : By.id: userSelect
Found Element By : By.id: userSelect
Trying to find Element By : By.id: userSelect
Found Element By : By.id: userSelect
Trying to click on: [[ChromeDriver: chrome on windows (fb85c002f7fe64d3b5d24781464afe04)] -> id: userSelect]
Clicked on: [[ChromeDriver: chrome on windows (fb85c002f7fe64d3b5d24781464afe04)] -> id: userSelect]
User clicked on Name Dropdown
Trying to find Element By : By.xpath: //option[text() = 'Ashwin Ramteke']
Found Element By : By.xpath: //option[text() = 'Ashwin Ramteke']
Trying to find Element By : By.xpath: //option[text() = 'Ashwin Ramteke']
Found Element By : By.xpath: //option[text() = 'Ashwin Ramteke']
Trying to click on: [[ChromeDriver: chrome on windows (fb85c002f7fe64d3b5d24781464afe04)] -> xpath: //option[text() = 'Ashwin Ramteke']]
Clicked on: [[ChromeDriver: chrome on windows (fb85c002f7fe64d3b5d24781464afe04)] -> xpath: //option[text() = 'Ashwin Ramteke']]
User selected name Ashwin Ramteke
Trying to find Element By : By.xpath: //select[@ng-model = 'currency']
Found Element By : By.xpath: //select[@ng-model = 'currency']
Trying to find Element By : By.xpath: //select[@ng-model = 'currency']
Found Element By : By.xpath: //select[@ng-model = 'currency']
Trying to click on: [[ChromeDriver: chrome on windows (fb85c002f7fe64d3b5d24781464afe04)] -> xpath: //select[@ng-model = 'currency']]
Clicked on: [[ChromeDriver: chrome on windows (fb85c002f7fe64d3b5d24781464afe04)] -> xpath: //select[@ng-model = 'currency']]
User clicked on Currency Dropdown
Trying to find Element By : By.xpath: //option[text() = 'Rupee']
Found Element By : By.xpath: //option[text() = 'Rupee']
Trying to find Element By : By.xpath: //option[text() = 'Rupee']
Found Element By : By.xpath: //option[text() = 'Rupee']
Trying to click on: [[ChromeDriver: chrome on windows (fb85c002f7fe64d3b5d24781464afe04)] -> xpath: //option[text() = 'Rupee']]
Clicked on: [[ChromeDriver: chrome on windows (fb85c002f7fe64d3b5d24781464afe04)] -> xpath: //option[text() = 'Rupee']]
User selected currency Rupee
Trying to find Element By : By.xpath: //button[@type='submit']
Found Element By : By.xpath: //button[@type='submit']
Trying to find Element By : By.xpath: //button[@type='submit']
Found Element By : By.xpath: //button[@type='submit']
Trying to click on: [[ChromeDriver: chrome on windows (fb85c002f7fe64d3b5d24781464afe04)] -> xpath: //button[@type='submit']]
Clicked on: [[ChromeDriver: chrome on windows (fb85c002f7fe64d3b5d24781464afe04)] -> xpath: //button[@type='submit']]
Account Opened for Ashwin Ramteke
Account Opened By Bank manager successfully
Trying to find Element By : By.id: userSelect
Found Element By : By.id: userSelect
Trying to find Element By : By.id: userSelect
Found Element By : By.id: userSelect
Trying to click on: [[ChromeDriver: chrome on windows (fb85c002f7fe64d3b5d24781464afe04)] -> id: userSelect]
Clicked on: [[ChromeDriver: chrome on windows (fb85c002f7fe64d3b5d24781464afe04)] -> id: userSelect]
User clicked on Name Dropdown
Trying to find Element By : By.xpath: //select[@ng-model = 'currency']
Found Element By : By.xpath: //select[@ng-model = 'currency']
Trying to find Element By : By.xpath: //select[@ng-model = 'currency']
Found Element By : By.xpath: //select[@ng-model = 'currency']
Trying to click on: [[ChromeDriver: chrome on windows (fb85c002f7fe64d3b5d24781464afe04)] -> xpath: //select[@ng-model = 'currency']]
Clicked on: [[ChromeDriver: chrome on windows (fb85c002f7fe64d3b5d24781464afe04)] -> xpath: //select[@ng-model = 'currency']]
User clicked on Currency Dropdown
Trying to find Element By : By.xpath: //button[@type='submit']
Found Element By : By.xpath: //button[@type='submit']
Trying to find Element By : By.xpath: //button[@type='submit']
Found Element By : By.xpath: //button[@type='submit']
Trying to click on: [[ChromeDriver: chrome on windows (fb85c002f7fe64d3b5d24781464afe04)] -> xpath: //button[@type='submit']]
Clicked on: [[ChromeDriver: chrome on windows (fb85c002f7fe64d3b5d24781464afe04)] -> xpath: //button[@type='submit']]
Account Opened for Ashwin Ramteke
Trying to find Element By : By.xpath: //select[@ng-model = 'custId']
Found Element By : By.xpath: //select[@ng-model = 'custId']
Trying to find Element By : By.xpath: //select[@ng-model = 'custId']
Found Element By : By.xpath: //select[@ng-model = 'custId']
Error will come as Please select item in list
Error - Please select an item in the list
Trying to find Element By : By.xpath: //button[@ng-click ='showCust()']
Found Element By : By.xpath: //button[@ng-click ='showCust()']
Trying to find Element By : By.xpath: //button[@ng-click ='showCust()']
Found Element By : By.xpath: //button[@ng-click ='showCust()']
Trying to click on: [[ChromeDriver: chrome on windows (fb85c002f7fe64d3b5d24781464afe04)] -> xpath: //button[@ng-click ='showCust()']]
Clicked on: [[ChromeDriver: chrome on windows (fb85c002f7fe64d3b5d24781464afe04)] -> xpath: //button[@ng-click ='showCust()']]
User clicked on Customer button
Trying to find Element By : By.xpath: //div[@class='marTop ng-scope']
Found Element By : By.xpath: //div[@class='marTop ng-scope']
Trying to find Element By : By.xpath: //div[@class='marTop ng-scope']
Found Element By : By.xpath: //div[@class='marTop ng-scope']
User able to see details of existing customers
Trying to find Element By : By.xpath: //input[@ng-model='searchCustomer']
Found Element By : By.xpath: //input[@ng-model='searchCustomer']
Trying to find Element By : By.xpath: //input[@ng-model='searchCustomer']
Found Element By : By.xpath: //input[@ng-model='searchCustomer']
Trying to click on: [[ChromeDriver: chrome on windows (fb85c002f7fe64d3b5d24781464afe04)] -> xpath: //input[@ng-model='searchCustomer']]
Clicked on: [[ChromeDriver: chrome on windows (fb85c002f7fe64d3b5d24781464afe04)] -> xpath: //input[@ng-model='searchCustomer']]
Trying to find Element By : By.xpath: //input[@ng-model='searchCustomer']
Found Element By : By.xpath: //input[@ng-model='searchCustomer']
User searched for name Hermoine
Trying to find Element By : By.xpath: //button[@ng-click='deleteCust(cust)']
Found Element By : By.xpath: //button[@ng-click='deleteCust(cust)']
Trying to find Element By : By.xpath: //button[@ng-click='deleteCust(cust)']
Found Element By : By.xpath: //button[@ng-click='deleteCust(cust)']
Trying to click on: [[ChromeDriver: chrome on windows (fb85c002f7fe64d3b5d24781464afe04)] -> xpath: //button[@ng-click='deleteCust(cust)']]
Clicked on: [[ChromeDriver: chrome on windows (fb85c002f7fe64d3b5d24781464afe04)] -> xpath: //button[@ng-click='deleteCust(cust)']]
Customer Hermoine Granger is deleted from the customer list
Trying to find Element By : By.xpath: //button[@ng-click='home()']
Found Element By : By.xpath: //button[@ng-click='home()']
Trying to find Element By : By.xpath: //button[@ng-click='home()']
Found Element By : By.xpath: //button[@ng-click='home()']
Trying to click on: [[ChromeDriver: chrome on windows (fb85c002f7fe64d3b5d24781464afe04)] -> xpath: //button[@ng-click='home()']]
Clicked on: [[ChromeDriver: chrome on windows (fb85c002f7fe64d3b5d24781464afe04)] -> xpath: //button[@ng-click='home()']]
User Clicked on Home Button
Customer Ashwin Deleted from list
]]></system-out>
    <system-err><![CDATA[Mar 08, 2024 10:45:40 AM org.openqa.selenium.devtools.CdpVersionFinder findNearestMatch
WARNING: Unable to find an exact match for CDP version 122, returning the closest version; found: 119; Please update to a Selenium version that supports CDP version 122
]]></system-err>
  </testcase>
</testsuite>